<?xml version="1.0" encoding="UTF-8"?>
<testsuites tests="3" failures="0" errors="0" skipped="0">
  <testsuite name="TC01 Authentication Tests" timestamp="2026-08-23T01:30:54" time="32.814" tests="3" failures="0" errors="0" skipped="0">
    <properties>
      <property name="specId" value="0"/>
      <property name="suiteName" value="TC01: Authentication Tests"/>
      <property name="capabilities" value="android.emulator-5554"/>
      <property name="file" value="file:///Users/shenelimunasinghe/Documents/MSC%20IT%20/Mobile%20App/FinGenius%20/fingenius_ai/appium-tests/test/specs/01-authentication.spec.ts"/>
    </properties>
    <testcase classname="android.emulator-5554.TC01:_Authentication_Tests" name="TC001 Application should launch and show welcome signin screen" time="21.486">
      <system-out><![CDATA[
COMMAND: POST /session/5eab562a-78ab-4559-83b0-7aeab71bebe6/appium/device/activate_app - {"appId":"com.msc.fingenius"}
RESULT: {"appId":"com.msc.fingenius"}
COMMAND: POST /session/5eab562a-78ab-4559-83b0-7aeab71bebe6/element - {"using":"-android uiautomator","value":"new UiSelector().text(\"Maintain Your\")"}
RESULT: {"using":"-android uiautomator","value":"new UiSelector().text(\"Maintain Your\")"}
COMMAND: POST /session/5eab562a-78ab-4559-83b0-7aeab71bebe6/element - {"using":"-android uiautomator","value":"new UiSelector().text(\"Maintain Your\")"}
RESULT: {"using":"-android uiautomator","value":"new UiSelector().text(\"Maintain Your\")"}
COMMAND: POST /session/5eab562a-78ab-4559-83b0-7aeab71bebe6/element - {"using":"-android uiautomator","value":"new UiSelector().description(\"Maintain Your\")"}
RESULT: {"using":"-android uiautomator","value":"new UiSelector().description(\"Maintain Your\")"}
COMMAND: POST /session/5eab562a-78ab-4559-83b0-7aeab71bebe6/element - {"using":"-android uiautomator","value":"new UiSelector().description(\"Maintain Your\")"}
RESULT: {"using":"-android uiautomator","value":"new UiSelector().description(\"Maintain Your\")"}
COMMAND: POST /session/5eab562a-78ab-4559-83b0-7aeab71bebe6/element - {"using":"-android uiautomator","value":"new UiSelector().textContains(\"Maintain Your\")"}
RESULT: {"using":"-android uiautomator","value":"new UiSelector().textContains(\"Maintain Your\")"}
COMMAND: POST /session/5eab562a-78ab-4559-83b0-7aeab71bebe6/element - {"using":"-android uiautomator","value":"new UiSelector().textContains(\"Maintain Your\")"}
RESULT: {"using":"-android uiautomator","value":"new UiSelector().textContains(\"Maintain Your\")"}
COMMAND: POST /session/5eab562a-78ab-4559-83b0-7aeab71bebe6/element - {"using":"-android uiautomator","value":"new UiSelector().descriptionContains(\"Maintain Your\")"}
RESULT: {"using":"-android uiautomator","value":"new UiSelector().descriptionContains(\"Maintain Your\")"}
COMMAND: POST /session/5eab562a-78ab-4559-83b0-7aeab71bebe6/element - {"using":"-android uiautomator","value":"new UiSelector().descriptionContains(\"Maintain Your\")"}
RESULT: {"using":"-android uiautomator","value":"new UiSelector().descriptionContains(\"Maintain Your\")"}
COMMAND: POST /session/5eab562a-78ab-4559-83b0-7aeab71bebe6/element - {"using":"accessibility id","value":"Maintain Your"}
RESULT: {"using":"accessibility id","value":"Maintain Your"}
COMMAND: POST /session/5eab562a-78ab-4559-83b0-7aeab71bebe6/element - {"using":"accessibility id","value":"Maintain Your"}
RESULT: {"using":"accessibility id","value":"Maintain Your"}
COMMAND: POST /session/5eab562a-78ab-4559-83b0-7aeab71bebe6/element - {"using":"-android uiautomator","value":"new UiSelector().text(\"Maintain Your\")"}
RESULT: {"using":"-android uiautomator","value":"new UiSelector().text(\"Maintain Your\")"}
COMMAND: POST /session/5eab562a-78ab-4559-83b0-7aeab71bebe6/element - {"using":"-android uiautomator","value":"new UiSelector().text(\"Maintain Your\")"}
RESULT: {"using":"-android uiautomator","value":"new UiSelector().text(\"Maintain Your\")"}
COMMAND: POST /session/5eab562a-78ab-4559-83b0-7aeab71bebe6/element - {"using":"-android uiautomator","value":"new UiSelector().description(\"Maintain Your\")"}
RESULT: {"using":"-android uiautomator","value":"new UiSelector().description(\"Maintain Your\")"}
COMMAND: POST /session/5eab562a-78ab-4559-83b0-7aeab71bebe6/element - {"using":"-android uiautomator","value":"new UiSelector().description(\"Maintain Your\")"}
RESULT: {"using":"-android uiautomator","value":"new UiSelector().description(\"Maintain Your\")"}
COMMAND: POST /session/5eab562a-78ab-4559-83b0-7aeab71bebe6/element - {"using":"-android uiautomator","value":"new UiSelector().textContains(\"Maintain Your\")"}
RESULT: {"using":"-android uiautomator","value":"new UiSelector().textContains(\"Maintain Your\")"}
COMMAND: POST /session/5eab562a-78ab-4559-83b0-7aeab71bebe6/element - {"using":"-android uiautomator","value":"new UiSelector().textContains(\"Maintain Your\")"}
RESULT: {"using":"-android uiautomator","value":"new UiSelector().textContains(\"Maintain Your\")"}
COMMAND: POST /session/5eab562a-78ab-4559-83b0-7aeab71bebe6/element - {"using":"-android uiautomator","value":"new UiSelector().descriptionContains(\"Maintain Your\")"}
RESULT: {"using":"-android uiautomator","value":"new UiSelector().descriptionContains(\"Maintain Your\")"}
COMMAND: POST /session/5eab562a-78ab-4559-83b0-7aeab71bebe6/element - {"using":"-android uiautomator","value":"new UiSelector().descriptionContains(\"Maintain Your\")"}
RESULT: {"using":"-android uiautomator","value":"new UiSelector().descriptionContains(\"Maintain Your\")"}
COMMAND: POST /session/5eab562a-78ab-4559-83b0-7aeab71bebe6/element - {"using":"accessibility id","value":"Maintain Your"}
RESULT: {"using":"accessibility id","value":"Maintain Your"}
COMMAND: POST /session/5eab562a-78ab-4559-83b0-7aeab71bebe6/element - {"using":"accessibility id","value":"Maintain Your"}
RESULT: {"using":"accessibility id","value":"Maintain Your"}
COMMAND: POST /session/5eab562a-78ab-4559-83b0-7aeab71bebe6/element - {"using":"-android uiautomator","value":"new UiSelector().text(\"Maintain Your\")"}
RESULT: {"using":"-android uiautomator","value":"new UiSelector().text(\"Maintain Your\")"}
COMMAND: POST /session/5eab562a-78ab-4559-83b0-7aeab71bebe6/element - {"using":"-android uiautomator","value":"new UiSelector().text(\"Maintain Your\")"}
RESULT: {"using":"-android uiautomator","value":"new UiSelector().text(\"Maintain Your\")"}
COMMAND: POST /session/5eab562a-78ab-4559-83b0-7aeab71bebe6/element - {"using":"-android uiautomator","value":"new UiSelector().description(\"Maintain Your\")"}
RESULT: {"using":"-android uiautomator","value":"new UiSelector().description(\"Maintain Your\")"}
COMMAND: POST /session/5eab562a-78ab-4559-83b0-7aeab71bebe6/element - {"using":"-android uiautomator","value":"new UiSelector().description(\"Maintain Your\")"}
RESULT: {"using":"-android uiautomator","value":"new UiSelector().description(\"Maintain Your\")"}
COMMAND: POST /session/5eab562a-78ab-4559-83b0-7aeab71bebe6/element - {"using":"-android uiautomator","value":"new UiSelector().textContains(\"Maintain Your\")"}
RESULT: {"using":"-android uiautomator","value":"new UiSelector().textContains(\"Maintain Your\")"}
COMMAND: POST /session/5eab562a-78ab-4559-83b0-7aeab71bebe6/element - {"using":"-android uiautomator","value":"new UiSelector().textContains(\"Maintain Your\")"}
RESULT: {"using":"-android uiautomator","value":"new UiSelector().textContains(\"Maintain Your\")"}
COMMAND: POST /session/5eab562a-78ab-4559-83b0-7aeab71bebe6/element - {"using":"-android uiautomator","value":"new UiSelector().descriptionContains(\"Maintain Your\")"}
RESULT: {"using":"-android uiautomator","value":"new UiSelector().descriptionContains(\"Maintain Your\")"}
COMMAND: POST /session/5eab562a-78ab-4559-83b0-7aeab71bebe6/element - {"using":"-android uiautomator","value":"new UiSelector().descriptionContains(\"Maintain Your\")"}
RESULT: {"using":"-android uiautomator","value":"new UiSelector().descriptionContains(\"Maintain Your\")"}
COMMAND: POST /session/5eab562a-78ab-4559-83b0-7aeab71bebe6/element - {"using":"accessibility id","value":"Maintain Your"}
RESULT: {"using":"accessibility id","value":"Maintain Your"}
COMMAND: POST /session/5eab562a-78ab-4559-83b0-7aeab71bebe6/element - {"using":"accessibility id","value":"Maintain Your"}
RESULT: {"using":"accessibility id","value":"Maintain Your"}
COMMAND: POST /session/5eab562a-78ab-4559-83b0-7aeab71bebe6/element - {"using":"-android uiautomator","value":"new UiSelector().text(\"Maintain Your\")"}
RESULT: {"using":"-android uiautomator","value":"new UiSelector().text(\"Maintain Your\")"}
COMMAND: POST /session/5eab562a-78ab-4559-83b0-7aeab71bebe6/element - {"using":"-android uiautomator","value":"new UiSelector().text(\"Maintain Your\")"}
RESULT: {"using":"-android uiautomator","value":"new UiSelector().text(\"Maintain Your\")"}
COMMAND: POST /session/5eab562a-78ab-4559-83b0-7aeab71bebe6/element - {"using":"-android uiautomator","value":"new UiSelector().description(\"Maintain Your\")"}
RESULT: {"using":"-android uiautomator","value":"new UiSelector().description(\"Maintain Your\")"}
COMMAND: POST /session/5eab562a-78ab-4559-83b0-7aeab71bebe6/element - {"using":"-android uiautomator","value":"new UiSelector().description(\"Maintain Your\")"}
RESULT: {"using":"-android uiautomator","value":"new UiSelector().description(\"Maintain Your\")"}
COMMAND: POST /session/5eab562a-78ab-4559-83b0-7aeab71bebe6/element - {"using":"-android uiautomator","value":"new UiSelector().textContains(\"Maintain Your\")"}
RESULT: {"using":"-android uiautomator","value":"new UiSelector().textContains(\"Maintain Your\")"}
COMMAND: POST /session/5eab562a-78ab-4559-83b0-7aeab71bebe6/element - {"using":"-android uiautomator","value":"new UiSelector().textContains(\"Maintain Your\")"}
RESULT: {"using":"-android uiautomator","value":"new UiSelector().textContains(\"Maintain Your\")"}
COMMAND: POST /session/5eab562a-78ab-4559-83b0-7aeab71bebe6/element - {"using":"-android uiautomator","value":"new UiSelector().descriptionContains(\"Maintain Your\")"}
RESULT: {"using":"-android uiautomator","value":"new UiSelector().descriptionContains(\"Maintain Your\")"}
COMMAND: POST /session/5eab562a-78ab-4559-83b0-7aeab71bebe6/element - {"using":"-android uiautomator","value":"new UiSelector().descriptionContains(\"Maintain Your\")"}
RESULT: {"using":"-android uiautomator","value":"new UiSelector().descriptionContains(\"Maintain Your\")"}
COMMAND: POST /session/5eab562a-78ab-4559-83b0-7aeab71bebe6/element - {"using":"accessibility id","value":"Maintain Your"}
RESULT: {"using":"accessibility id","value":"Maintain Your"}
COMMAND: POST /session/5eab562a-78ab-4559-83b0-7aeab71bebe6/element - {"using":"accessibility id","value":"Maintain Your"}
RESULT: {"using":"accessibility id","value":"Maintain Your"}
COMMAND: POST /session/5eab562a-78ab-4559-83b0-7aeab71bebe6/element - {"using":"-android uiautomator","value":"new UiSelector().text(\"Maintain Your\")"}
RESULT: {"using":"-android uiautomator","value":"new UiSelector().text(\"Maintain Your\")"}
COMMAND: POST /session/5eab562a-78ab-4559-83b0-7aeab71bebe6/element - {"using":"-android uiautomator","value":"new UiSelector().text(\"Maintain Your\")"}
RESULT: {"using":"-android uiautomator","value":"new UiSelector().text(\"Maintain Your\")"}
COMMAND: POST /session/5eab562a-78ab-4559-83b0-7aeab71bebe6/element - {"using":"-android uiautomator","value":"new UiSelector().description(\"Maintain Your\")"}
RESULT: {"using":"-android uiautomator","value":"new UiSelector().description(\"Maintain Your\")"}
COMMAND: POST /session/5eab562a-78ab-4559-83b0-7aeab71bebe6/element - {"using":"-android uiautomator","value":"new UiSelector().description(\"Maintain Your\")"}
RESULT: {"using":"-android uiautomator","value":"new UiSelector().description(\"Maintain Your\")"}
COMMAND: POST /session/5eab562a-78ab-4559-83b0-7aeab71bebe6/element - {"using":"-android uiautomator","value":"new UiSelector().textContains(\"Maintain Your\")"}
RESULT: {"using":"-android uiautomator","value":"new UiSelector().textContains(\"Maintain Your\")"}
COMMAND: POST /session/5eab562a-78ab-4559-83b0-7aeab71bebe6/element - {"using":"-android uiautomator","value":"new UiSelector().textContains(\"Maintain Your\")"}
RESULT: {"using":"-android uiautomator","value":"new UiSelector().textContains(\"Maintain Your\")"}
COMMAND: POST /session/5eab562a-78ab-4559-83b0-7aeab71bebe6/element - {"using":"-android uiautomator","value":"new UiSelector().descriptionContains(\"Maintain Your\")"}
RESULT: {"using":"-android uiautomator","value":"new UiSelector().descriptionContains(\"Maintain Your\")"}
COMMAND: POST /session/5eab562a-78ab-4559-83b0-7aeab71bebe6/element - {"using":"-android uiautomator","value":"new UiSelector().descriptionContains(\"Maintain Your\")"}
RESULT: {"using":"-android uiautomator","value":"new UiSelector().descriptionContains(\"Maintain Your\")"}
COMMAND: POST /session/5eab562a-78ab-4559-83b0-7aeab71bebe6/element - {"using":"accessibility id","value":"Maintain Your"}
RESULT: {"using":"accessibility id","value":"Maintain Your"}
COMMAND: POST /session/5eab562a-78ab-4559-83b0-7aeab71bebe6/element - {"using":"accessibility id","value":"Maintain Your"}
RESULT: {"using":"accessibility id","value":"Maintain Your"}
COMMAND: POST /session/5eab562a-78ab-4559-83b0-7aeab71bebe6/element - {"using":"-android uiautomator","value":"new UiSelector().text(\"Maintain Your\")"}
RESULT: {"using":"-android uiautomator","value":"new UiSelector().text(\"Maintain Your\")"}
COMMAND: POST /session/5eab562a-78ab-4559-83b0-7aeab71bebe6/element - {"using":"-android uiautomator","value":"new UiSelector().text(\"Maintain Your\")"}
RESULT: {"using":"-android uiautomator","value":"new UiSelector().text(\"Maintain Your\")"}
COMMAND: POST /session/5eab562a-78ab-4559-83b0-7aeab71bebe6/element - {"using":"-android uiautomator","value":"new UiSelector().description(\"Maintain Your\")"}
RESULT: {"using":"-android uiautomator","value":"new UiSelector().description(\"Maintain Your\")"}
COMMAND: POST /session/5eab562a-78ab-4559-83b0-7aeab71bebe6/element - {"using":"-android uiautomator","value":"new UiSelector().description(\"Maintain Your\")"}
RESULT: {"using":"-android uiautomator","value":"new UiSelector().description(\"Maintain Your\")"}
COMMAND: POST /session/5eab562a-78ab-4559-83b0-7aeab71bebe6/element - {"using":"-android uiautomator","value":"new UiSelector().textContains(\"Maintain Your\")"}
RESULT: {"using":"-android uiautomator","value":"new UiSelector().textContains(\"Maintain Your\")"}
COMMAND: POST /session/5eab562a-78ab-4559-83b0-7aeab71bebe6/element - {"using":"-android uiautomator","value":"new UiSelector().textContains(\"Maintain Your\")"}
RESULT: {"using":"-android uiautomator","value":"new UiSelector().textContains(\"Maintain Your\")"}
COMMAND: POST /session/5eab562a-78ab-4559-83b0-7aeab71bebe6/element - {"using":"-android uiautomator","value":"new UiSelector().descriptionContains(\"Maintain Your\")"}
RESULT: {"using":"-android uiautomator","value":"new UiSelector().descriptionContains(\"Maintain Your\")"}
COMMAND: POST /session/5eab562a-78ab-4559-83b0-7aeab71bebe6/element - {"using":"-android uiautomator","value":"new UiSelector().descriptionContains(\"Maintain Your\")"}
RESULT: {"using":"-android uiautomator","value":"new UiSelector().descriptionContains(\"Maintain Your\")"}
COMMAND: POST /session/5eab562a-78ab-4559-83b0-7aeab71bebe6/element - {"using":"accessibility id","value":"Maintain Your"}
RESULT: {"using":"accessibility id","value":"Maintain Your"}
COMMAND: POST /session/5eab562a-78ab-4559-83b0-7aeab71bebe6/element - {"using":"accessibility id","value":"Maintain Your"}
RESULT: {"using":"accessibility id","value":"Maintain Your"}
COMMAND: POST /session/5eab562a-78ab-4559-83b0-7aeab71bebe6/element - {"using":"-android uiautomator","value":"new UiSelector().text(\"Maintain Your\")"}
RESULT: {"using":"-android uiautomator","value":"new UiSelector().text(\"Maintain Your\")"}
COMMAND: POST /session/5eab562a-78ab-4559-83b0-7aeab71bebe6/element - {"using":"-android uiautomator","value":"new UiSelector().text(\"Maintain Your\")"}
RESULT: {"using":"-android uiautomator","value":"new UiSelector().text(\"Maintain Your\")"}
COMMAND: POST /session/5eab562a-78ab-4559-83b0-7aeab71bebe6/element - {"using":"-android uiautomator","value":"new UiSelector().description(\"Maintain Your\")"}
RESULT: {"using":"-android uiautomator","value":"new UiSelector().description(\"Maintain Your\")"}
COMMAND: POST /session/5eab562a-78ab-4559-83b0-7aeab71bebe6/element - {"using":"-android uiautomator","value":"new UiSelector().description(\"Maintain Your\")"}
RESULT: {"using":"-android uiautomator","value":"new UiSelector().description(\"Maintain Your\")"}
COMMAND: POST /session/5eab562a-78ab-4559-83b0-7aeab71bebe6/element - {"using":"-android uiautomator","value":"new UiSelector().textContains(\"Maintain Your\")"}
RESULT: {"using":"-android uiautomator","value":"new UiSelector().textContains(\"Maintain Your\")"}
COMMAND: POST /session/5eab562a-78ab-4559-83b0-7aeab71bebe6/element - {"using":"-android uiautomator","value":"new UiSelector().textContains(\"Maintain Your\")"}
RESULT: {"using":"-android uiautomator","value":"new UiSelector().textContains(\"Maintain Your\")"}
COMMAND: POST /session/5eab562a-78ab-4559-83b0-7aeab71bebe6/element - {"using":"-android uiautomator","value":"new UiSelector().descriptionContains(\"Maintain Your\")"}
RESULT: {"using":"-android uiautomator","value":"new UiSelector().descriptionContains(\"Maintain Your\")"}
COMMAND: POST /session/5eab562a-78ab-4559-83b0-7aeab71bebe6/element - {"using":"-android uiautomator","value":"new UiSelector().descriptionContains(\"Maintain Your\")"}
RESULT: {"using":"-android uiautomator","value":"new UiSelector().descriptionContains(\"Maintain Your\")"}
COMMAND: POST /session/5eab562a-78ab-4559-83b0-7aeab71bebe6/element - {"using":"accessibility id","value":"Maintain Your"}
RESULT: {"using":"accessibility id","value":"Maintain Your"}
COMMAND: POST /session/5eab562a-78ab-4559-83b0-7aeab71bebe6/element - {"using":"accessibility id","value":"Maintain Your"}
RESULT: {"using":"accessibility id","value":"Maintain Your"}
COMMAND: POST /session/5eab562a-78ab-4559-83b0-7aeab71bebe6/element - {"using":"-android uiautomator","value":"new UiSelector().text(\"Maintain Your\")"}
RESULT: {"using":"-android uiautomator","value":"new UiSelector().text(\"Maintain Your\")"}
COMMAND: POST /session/5eab562a-78ab-4559-83b0-7aeab71bebe6/element - {"using":"-android uiautomator","value":"new UiSelector().text(\"Maintain Your\")"}
RESULT: {"using":"-android uiautomator","value":"new UiSelector().text(\"Maintain Your\")"}
COMMAND: POST /session/5eab562a-78ab-4559-83b0-7aeab71bebe6/element - {"using":"-android uiautomator","value":"new UiSelector().description(\"Maintain Your\")"}
RESULT: {"using":"-android uiautomator","value":"new UiSelector().description(\"Maintain Your\")"}
COMMAND: POST /session/5eab562a-78ab-4559-83b0-7aeab71bebe6/element - {"using":"-android uiautomator","value":"new UiSelector().description(\"Maintain Your\")"}
RESULT: {"using":"-android uiautomator","value":"new UiSelector().description(\"Maintain Your\")"}
COMMAND: POST /session/5eab562a-78ab-4559-83b0-7aeab71bebe6/element - {"using":"-android uiautomator","value":"new UiSelector().textContains(\"Maintain Your\")"}
RESULT: {"using":"-android uiautomator","value":"new UiSelector().textContains(\"Maintain Your\")"}
COMMAND: POST /session/5eab562a-78ab-4559-83b0-7aeab71bebe6/element - {"using":"-android uiautomator","value":"new UiSelector().textContains(\"Maintain Your\")"}
RESULT: {"using":"-android uiautomator","value":"new UiSelector().textContains(\"Maintain Your\")"}
COMMAND: POST /session/5eab562a-78ab-4559-83b0-7aeab71bebe6/element - {"using":"-android uiautomator","value":"new UiSelector().descriptionContains(\"Maintain Your\")"}
RESULT: {"using":"-android uiautomator","value":"new UiSelector().descriptionContains(\"Maintain Your\")"}
COMMAND: POST /session/5eab562a-78ab-4559-83b0-7aeab71bebe6/element - {"using":"-android uiautomator","value":"new UiSelector().descriptionContains(\"Maintain Your\")"}
RESULT: {"using":"-android uiautomator","value":"new UiSelector().descriptionContains(\"Maintain Your\")"}
COMMAND: POST /session/5eab562a-78ab-4559-83b0-7aeab71bebe6/element - {"using":"accessibility id","value":"Maintain Your"}
RESULT: {"using":"accessibility id","value":"Maintain Your"}
COMMAND: POST /session/5eab562a-78ab-4559-83b0-7aeab71bebe6/element - {"using":"accessibility id","value":"Maintain Your"}
RESULT: {"using":"accessibility id","value":"Maintain Your"}
COMMAND: POST /session/5eab562a-78ab-4559-83b0-7aeab71bebe6/element - {"using":"-android uiautomator","value":"new UiSelector().text(\"Maintain Your\")"}
RESULT: {"using":"-android uiautomator","value":"new UiSelector().text(\"Maintain Your\")"}
COMMAND: POST /session/5eab562a-78ab-4559-83b0-7aeab71bebe6/element - {"using":"-android uiautomator","value":"new UiSelector().text(\"Maintain Your\")"}
RESULT: {"using":"-android uiautomator","value":"new UiSelector().text(\"Maintain Your\")"}
COMMAND: POST /session/5eab562a-78ab-4559-83b0-7aeab71bebe6/element - {"using":"-android uiautomator","value":"new UiSelector().description(\"Maintain Your\")"}
RESULT: {"using":"-android uiautomator","value":"new UiSelector().description(\"Maintain Your\")"}
COMMAND: POST /session/5eab562a-78ab-4559-83b0-7aeab71bebe6/element - {"using":"-android uiautomator","value":"new UiSelector().description(\"Maintain Your\")"}
RESULT: {"using":"-android uiautomator","value":"new UiSelector().description(\"Maintain Your\")"}
COMMAND: POST /session/5eab562a-78ab-4559-83b0-7aeab71bebe6/element - {"using":"-android uiautomator","value":"new UiSelector().textContains(\"Maintain Your\")"}
RESULT: {"using":"-android uiautomator","value":"new UiSelector().textContains(\"Maintain Your\")"}
COMMAND: POST /session/5eab562a-78ab-4559-83b0-7aeab71bebe6/element - {"using":"-android uiautomator","value":"new UiSelector().textContains(\"Maintain Your\")"}
RESULT: {"using":"-android uiautomator","value":"new UiSelector().textContains(\"Maintain Your\")"}
COMMAND: POST /session/5eab562a-78ab-4559-83b0-7aeab71bebe6/element - {"using":"-android uiautomator","value":"new UiSelector().descriptionContains(\"Maintain Your\")"}
RESULT: {"using":"-android uiautomator","value":"new UiSelector().descriptionContains(\"Maintain Your\")"}
COMMAND: POST /session/5eab562a-78ab-4559-83b0-7aeab71bebe6/element - {"using":"-android uiautomator","value":"new UiSelector().descriptionContains(\"Maintain Your\")"}
RESULT: {"using":"-android uiautomator","value":"new UiSelector().descriptionContains(\"Maintain Your\")"}
COMMAND: POST /session/5eab562a-78ab-4559-83b0-7aeab71bebe6/element - {"using":"accessibility id","value":"Maintain Your"}
RESULT: {"using":"accessibility id","value":"Maintain Your"}
COMMAND: POST /session/5eab562a-78ab-4559-83b0-7aeab71bebe6/element - {"using":"accessibility id","value":"Maintain Your"}
RESULT: {"using":"accessibility id","value":"Maintain Your"}
COMMAND: POST /session/5eab562a-78ab-4559-83b0-7aeab71bebe6/element - {"using":"-android uiautomator","value":"new UiSelector().text(\"Maintain Your\")"}
RESULT: {"using":"-android uiautomator","value":"new UiSelector().text(\"Maintain Your\")"}
COMMAND: POST /session/5eab562a-78ab-4559-83b0-7aeab71bebe6/element - {"using":"-android uiautomator","value":"new UiSelector().text(\"Maintain Your\")"}
RESULT: {"using":"-android uiautomator","value":"new UiSelector().text(\"Maintain Your\")"}
COMMAND: POST /session/5eab562a-78ab-4559-83b0-7aeab71bebe6/element - {"using":"-android uiautomator","value":"new UiSelector().description(\"Maintain Your\")"}
RESULT: {"using":"-android uiautomator","value":"new UiSelector().description(\"Maintain Your\")"}
COMMAND: POST /session/5eab562a-78ab-4559-83b0-7aeab71bebe6/element - {"using":"-android uiautomator","value":"new UiSelector().description(\"Maintain Your\")"}
RESULT: {"using":"-android uiautomator","value":"new UiSelector().description(\"Maintain Your\")"}
COMMAND: POST /session/5eab562a-78ab-4559-83b0-7aeab71bebe6/element - {"using":"-android uiautomator","value":"new UiSelector().textContains(\"Maintain Your\")"}
RESULT: {"using":"-android uiautomator","value":"new UiSelector().textContains(\"Maintain Your\")"}
COMMAND: POST /session/5eab562a-78ab-4559-83b0-7aeab71bebe6/element - {"using":"-android uiautomator","value":"new UiSelector().textContains(\"Maintain Your\")"}
RESULT: {"using":"-android uiautomator","value":"new UiSelector().textContains(\"Maintain Your\")"}
COMMAND: POST /session/5eab562a-78ab-4559-83b0-7aeab71bebe6/element - {"using":"-android uiautomator","value":"new UiSelector().descriptionContains(\"Maintain Your\")"}
RESULT: {"using":"-android uiautomator","value":"new UiSelector().descriptionContains(\"Maintain Your\")"}
COMMAND: POST /session/5eab562a-78ab-4559-83b0-7aeab71bebe6/element - {"using":"-android uiautomator","value":"new UiSelector().descriptionContains(\"Maintain Your\")"}
RESULT: {"using":"-android uiautomator","value":"new UiSelector().descriptionContains(\"Maintain Your\")"}
COMMAND: POST /session/5eab562a-78ab-4559-83b0-7aeab71bebe6/element - {"using":"accessibility id","value":"Maintain Your"}
RESULT: {"using":"accessibility id","value":"Maintain Your"}
COMMAND: POST /session/5eab562a-78ab-4559-83b0-7aeab71bebe6/element - {"using":"accessibility id","value":"Maintain Your"}
RESULT: {"using":"accessibility id","value":"Maintain Your"}
COMMAND: POST /session/5eab562a-78ab-4559-83b0-7aeab71bebe6/element - {"using":"-android uiautomator","value":"new UiSelector().text(\"Start Now\")"}
RESULT: {"using":"-android uiautomator","value":"new UiSelector().text(\"Start Now\")"}
COMMAND: POST /session/5eab562a-78ab-4559-83b0-7aeab71bebe6/element - {"using":"-android uiautomator","value":"new UiSelector().text(\"Start Now\")"}
RESULT: {"using":"-android uiautomator","value":"new UiSelector().text(\"Start Now\")"}
COMMAND: POST /session/5eab562a-78ab-4559-83b0-7aeab71bebe6/element - {"using":"-android uiautomator","value":"new UiSelector().description(\"Start Now\")"}
RESULT: {"using":"-android uiautomator","value":"new UiSelector().description(\"Start Now\")"}
COMMAND: POST /session/5eab562a-78ab-4559-83b0-7aeab71bebe6/element - {"using":"-android uiautomator","value":"new UiSelector().description(\"Start Now\")"}
RESULT: {"using":"-android uiautomator","value":"new UiSelector().description(\"Start Now\")"}
COMMAND: POST /session/5eab562a-78ab-4559-83b0-7aeab71bebe6/element - {"using":"-android uiautomator","value":"new UiSelector().textContains(\"Start Now\")"}
RESULT: {"using":"-android uiautomator","value":"new UiSelector().textContains(\"Start Now\")"}
COMMAND: POST /session/5eab562a-78ab-4559-83b0-7aeab71bebe6/element - {"using":"-android uiautomator","value":"new UiSelector().textContains(\"Start Now\")"}
RESULT: {"using":"-android uiautomator","value":"new UiSelector().textContains(\"Start Now\")"}
COMMAND: POST /session/5eab562a-78ab-4559-83b0-7aeab71bebe6/element - {"using":"-android uiautomator","value":"new UiSelector().descriptionContains(\"Start Now\")"}
RESULT: {"using":"-android uiautomator","value":"new UiSelector().descriptionContains(\"Start Now\")"}
COMMAND: POST /session/5eab562a-78ab-4559-83b0-7aeab71bebe6/element - {"using":"-android uiautomator","value":"new UiSelector().descriptionContains(\"Start Now\")"}
RESULT: {"using":"-android uiautomator","value":"new UiSelector().descriptionContains(\"Start Now\")"}
COMMAND: POST /session/5eab562a-78ab-4559-83b0-7aeab71bebe6/element - {"using":"accessibility id","value":"Start Now"}
RESULT: {"using":"accessibility id","value":"Start Now"}
COMMAND: POST /session/5eab562a-78ab-4559-83b0-7aeab71bebe6/element - {"using":"accessibility id","value":"Start Now"}
RESULT: {"using":"accessibility id","value":"Start Now"}
COMMAND: POST /session/5eab562a-78ab-4559-83b0-7aeab71bebe6/element - {"using":"-android uiautomator","value":"new UiSelector().text(\"Start Now\")"}
RESULT: {"using":"-android uiautomator","value":"new UiSelector().text(\"Start Now\")"}
COMMAND: POST /session/5eab562a-78ab-4559-83b0-7aeab71bebe6/element - {"using":"-android uiautomator","value":"new UiSelector().text(\"Start Now\")"}
RESULT: {"using":"-android uiautomator","value":"new UiSelector().text(\"Start Now\")"}
COMMAND: POST /session/5eab562a-78ab-4559-83b0-7aeab71bebe6/element - {"using":"-android uiautomator","value":"new UiSelector().description(\"Start Now\")"}
RESULT: {"using":"-android uiautomator","value":"new UiSelector().description(\"Start Now\")"}
COMMAND: POST /session/5eab562a-78ab-4559-83b0-7aeab71bebe6/element - {"using":"-android uiautomator","value":"new UiSelector().description(\"Start Now\")"}
RESULT: {"using":"-android uiautomator","value":"new UiSelector().description(\"Start Now\")"}
COMMAND: POST /session/5eab562a-78ab-4559-83b0-7aeab71bebe6/element - {"using":"-android uiautomator","value":"new UiSelector().textContains(\"Start Now\")"}
RESULT: {"using":"-android uiautomator","value":"new UiSelector().textContains(\"Start Now\")"}
COMMAND: POST /session/5eab562a-78ab-4559-83b0-7aeab71bebe6/element - {"using":"-android uiautomator","value":"new UiSelector().textContains(\"Start Now\")"}
RESULT: {"using":"-android uiautomator","value":"new UiSelector().textContains(\"Start Now\")"}
COMMAND: POST /session/5eab562a-78ab-4559-83b0-7aeab71bebe6/element - {"using":"-android uiautomator","value":"new UiSelector().descriptionContains(\"Start Now\")"}
RESULT: {"using":"-android uiautomator","value":"new UiSelector().descriptionContains(\"Start Now\")"}
COMMAND: POST /session/5eab562a-78ab-4559-83b0-7aeab71bebe6/element - {"using":"-android uiautomator","value":"new UiSelector().descriptionContains(\"Start Now\")"}
RESULT: {"using":"-android uiautomator","value":"new UiSelector().descriptionContains(\"Start Now\")"}
COMMAND: POST /session/5eab562a-78ab-4559-83b0-7aeab71bebe6/element - {"using":"accessibility id","value":"Start Now"}
RESULT: {"using":"accessibility id","value":"Start Now"}
COMMAND: POST /session/5eab562a-78ab-4559-83b0-7aeab71bebe6/element - {"using":"accessibility id","value":"Start Now"}
RESULT: {"using":"accessibility id","value":"Start Now"}
COMMAND: POST /session/5eab562a-78ab-4559-83b0-7aeab71bebe6/element - {"using":"-android uiautomator","value":"new UiSelector().text(\"Start Now\")"}
RESULT: {"using":"-android uiautomator","value":"new UiSelector().text(\"Start Now\")"}
COMMAND: POST /session/5eab562a-78ab-4559-83b0-7aeab71bebe6/element - {"using":"-android uiautomator","value":"new UiSelector().text(\"Start Now\")"}
RESULT: {"using":"-android uiautomator","value":"new UiSelector().text(\"Start Now\")"}
COMMAND: POST /session/5eab562a-78ab-4559-83b0-7aeab71bebe6/element - {"using":"-android uiautomator","value":"new UiSelector().description(\"Start Now\")"}
RESULT: {"using":"-android uiautomator","value":"new UiSelector().description(\"Start Now\")"}
COMMAND: POST /session/5eab562a-78ab-4559-83b0-7aeab71bebe6/element - {"using":"-android uiautomator","value":"new UiSelector().description(\"Start Now\")"}
RESULT: {"using":"-android uiautomator","value":"new UiSelector().description(\"Start Now\")"}
COMMAND: POST /session/5eab562a-78ab-4559-83b0-7aeab71bebe6/element - {"using":"-android uiautomator","value":"new UiSelector().textContains(\"Start Now\")"}
RESULT: {"using":"-android uiautomator","value":"new UiSelector().textContains(\"Start Now\")"}
COMMAND: POST /session/5eab562a-78ab-4559-83b0-7aeab71bebe6/element - {"using":"-android uiautomator","value":"new UiSelector().textContains(\"Start Now\")"}
RESULT: {"using":"-android uiautomator","value":"new UiSelector().textContains(\"Start Now\")"}
COMMAND: POST /session/5eab562a-78ab-4559-83b0-7aeab71bebe6/element - {"using":"-android uiautomator","value":"new UiSelector().descriptionContains(\"Start Now\")"}
RESULT: {"using":"-android uiautomator","value":"new UiSelector().descriptionContains(\"Start Now\")"}
COMMAND: POST /session/5eab562a-78ab-4559-83b0-7aeab71bebe6/element - {"using":"-android uiautomator","value":"new UiSelector().descriptionContains(\"Start Now\")"}
RESULT: {"using":"-android uiautomator","value":"new UiSelector().descriptionContains(\"Start Now\")"}
COMMAND: POST /session/5eab562a-78ab-4559-83b0-7aeab71bebe6/element - {"using":"accessibility id","value":"Start Now"}
RESULT: {"using":"accessibility id","value":"Start Now"}
COMMAND: POST /session/5eab562a-78ab-4559-83b0-7aeab71bebe6/element - {"using":"accessibility id","value":"Start Now"}
RESULT: {"using":"accessibility id","value":"Start Now"}
COMMAND: POST /session/5eab562a-78ab-4559-83b0-7aeab71bebe6/element - {"using":"-android uiautomator","value":"new UiSelector().text(\"Start Now\")"}
RESULT: {"using":"-android uiautomator","value":"new UiSelector().text(\"Start Now\")"}
COMMAND: POST /session/5eab562a-78ab-4559-83b0-7aeab71bebe6/element - {"using":"-android uiautomator","value":"new UiSelector().text(\"Start Now\")"}
RESULT: {"using":"-android uiautomator","value":"new UiSelector().text(\"Start Now\")"}
COMMAND: POST /session/5eab562a-78ab-4559-83b0-7aeab71bebe6/element - {"using":"-android uiautomator","value":"new UiSelector().description(\"Start Now\")"}
RESULT: {"using":"-android uiautomator","value":"new UiSelector().description(\"Start Now\")"}
COMMAND: POST /session/5eab562a-78ab-4559-83b0-7aeab71bebe6/element - {"using":"-android uiautomator","value":"new UiSelector().description(\"Start Now\")"}
RESULT: {"using":"-android uiautomator","value":"new UiSelector().description(\"Start Now\")"}
COMMAND: POST /session/5eab562a-78ab-4559-83b0-7aeab71bebe6/element - {"using":"-android uiautomator","value":"new UiSelector().textContains(\"Start Now\")"}
RESULT: {"using":"-android uiautomator","value":"new UiSelector().textContains(\"Start Now\")"}
COMMAND: POST /session/5eab562a-78ab-4559-83b0-7aeab71bebe6/element - {"using":"-android uiautomator","value":"new UiSelector().textContains(\"Start Now\")"}
RESULT: {"using":"-android uiautomator","value":"new UiSelector().textContains(\"Start Now\")"}
COMMAND: POST /session/5eab562a-78ab-4559-83b0-7aeab71bebe6/element - {"using":"-android uiautomator","value":"new UiSelector().descriptionContains(\"Start Now\")"}
RESULT: {"using":"-android uiautomator","value":"new UiSelector().descriptionContains(\"Start Now\")"}
COMMAND: POST /session/5eab562a-78ab-4559-83b0-7aeab71bebe6/element - {"using":"-android uiautomator","value":"new UiSelector().descriptionContains(\"Start Now\")"}
RESULT: {"using":"-android uiautomator","value":"new UiSelector().descriptionContains(\"Start Now\")"}
COMMAND: POST /session/5eab562a-78ab-4559-83b0-7aeab71bebe6/element - {"using":"accessibility id","value":"Start Now"}
RESULT: {"using":"accessibility id","value":"Start Now"}
COMMAND: POST /session/5eab562a-78ab-4559-83b0-7aeab71bebe6/element - {"using":"accessibility id","value":"Start Now"}
RESULT: {"using":"accessibility id","value":"Start Now"}
COMMAND: POST /session/5eab562a-78ab-4559-83b0-7aeab71bebe6/element - {"using":"-android uiautomator","value":"new UiSelector().text(\"Start Now\")"}
RESULT: {"using":"-android uiautomator","value":"new UiSelector().text(\"Start Now\")"}
COMMAND: POST /session/5eab562a-78ab-4559-83b0-7aeab71bebe6/element - {"using":"-android uiautomator","value":"new UiSelector().text(\"Start Now\")"}
RESULT: {"using":"-android uiautomator","value":"new UiSelector().text(\"Start Now\")"}
COMMAND: POST /session/5eab562a-78ab-4559-83b0-7aeab71bebe6/element - {"using":"-android uiautomator","value":"new UiSelector().description(\"Start Now\")"}
RESULT: {"using":"-android uiautomator","value":"new UiSelector().description(\"Start Now\")"}
COMMAND: POST /session/5eab562a-78ab-4559-83b0-7aeab71bebe6/element - {"using":"-android uiautomator","value":"new UiSelector().description(\"Start Now\")"}
RESULT: {"using":"-android uiautomator","value":"new UiSelector().description(\"Start Now\")"}
COMMAND: POST /session/5eab562a-78ab-4559-83b0-7aeab71bebe6/element - {"using":"-android uiautomator","value":"new UiSelector().textContains(\"Start Now\")"}
RESULT: {"using":"-android uiautomator","value":"new UiSelector().textContains(\"Start Now\")"}
COMMAND: POST /session/5eab562a-78ab-4559-83b0-7aeab71bebe6/element - {"using":"-android uiautomator","value":"new UiSelector().textContains(\"Start Now\")"}
RESULT: {"using":"-android uiautomator","value":"new UiSelector().textContains(\"Start Now\")"}
COMMAND: POST /session/5eab562a-78ab-4559-83b0-7aeab71bebe6/element - {"using":"-android uiautomator","value":"new UiSelector().descriptionContains(\"Start Now\")"}
RESULT: {"using":"-android uiautomator","value":"new UiSelector().descriptionContains(\"Start Now\")"}
COMMAND: POST /session/5eab562a-78ab-4559-83b0-7aeab71bebe6/element - {"using":"-android uiautomator","value":"new UiSelector().descriptionContains(\"Start Now\")"}
RESULT: {"using":"-android uiautomator","value":"new UiSelector().descriptionContains(\"Start Now\")"}
COMMAND: POST /session/5eab562a-78ab-4559-83b0-7aeab71bebe6/element - {"using":"accessibility id","value":"Start Now"}
RESULT: {"using":"accessibility id","value":"Start Now"}
COMMAND: POST /session/5eab562a-78ab-4559-83b0-7aeab71bebe6/element - {"using":"accessibility id","value":"Start Now"}
RESULT: {"using":"accessibility id","value":"Start Now"}
COMMAND: POST /session/5eab562a-78ab-4559-83b0-7aeab71bebe6/element - {"using":"-android uiautomator","value":"new UiSelector().text(\"Start Now\")"}
RESULT: {"using":"-android uiautomator","value":"new UiSelector().text(\"Start Now\")"}
COMMAND: POST /session/5eab562a-78ab-4559-83b0-7aeab71bebe6/element - {"using":"-android uiautomator","value":"new UiSelector().text(\"Start Now\")"}
RESULT: {"using":"-android uiautomator","value":"new UiSelector().text(\"Start Now\")"}
COMMAND: POST /session/5eab562a-78ab-4559-83b0-7aeab71bebe6/element - {"using":"-android uiautomator","value":"new UiSelector().description(\"Start Now\")"}
RESULT: {"using":"-android uiautomator","value":"new UiSelector().description(\"Start Now\")"}
COMMAND: POST /session/5eab562a-78ab-4559-83b0-7aeab71bebe6/element - {"using":"-android uiautomator","value":"new UiSelector().description(\"Start Now\")"}
RESULT: {"using":"-android uiautomator","value":"new UiSelector().description(\"Start Now\")"}
COMMAND: POST /session/5eab562a-78ab-4559-83b0-7aeab71bebe6/element - {"using":"-android uiautomator","value":"new UiSelector().textContains(\"Start Now\")"}
RESULT: {"using":"-android uiautomator","value":"new UiSelector().textContains(\"Start Now\")"}
COMMAND: POST /session/5eab562a-78ab-4559-83b0-7aeab71bebe6/element - {"using":"-android uiautomator","value":"new UiSelector().textContains(\"Start Now\")"}
RESULT: {"using":"-android uiautomator","value":"new UiSelector().textContains(\"Start Now\")"}
COMMAND: POST /session/5eab562a-78ab-4559-83b0-7aeab71bebe6/element - {"using":"-android uiautomator","value":"new UiSelector().descriptionContains(\"Start Now\")"}
RESULT: {"using":"-android uiautomator","value":"new UiSelector().descriptionContains(\"Start Now\")"}
COMMAND: POST /session/5eab562a-78ab-4559-83b0-7aeab71bebe6/element - {"using":"-android uiautomator","value":"new UiSelector().descriptionContains(\"Start Now\")"}
RESULT: {"using":"-android uiautomator","value":"new UiSelector().descriptionContains(\"Start Now\")"}
COMMAND: POST /session/5eab562a-78ab-4559-83b0-7aeab71bebe6/element - {"using":"accessibility id","value":"Start Now"}
RESULT: {"using":"accessibility id","value":"Start Now"}
COMMAND: POST /session/5eab562a-78ab-4559-83b0-7aeab71bebe6/element - {"using":"accessibility id","value":"Start Now"}
RESULT: {"using":"accessibility id","value":"Start Now"}
COMMAND: POST /session/5eab562a-78ab-4559-83b0-7aeab71bebe6/element - {"using":"-android uiautomator","value":"new UiSelector().text(\"Sign in\")"}
RESULT: {"using":"-android uiautomator","value":"new UiSelector().text(\"Sign in\")"}
COMMAND: POST /session/5eab562a-78ab-4559-83b0-7aeab71bebe6/element - {"using":"-android uiautomator","value":"new UiSelector().text(\"Sign in\")"}
RESULT: {"using":"-android uiautomator","value":"new UiSelector().text(\"Sign in\")"}
COMMAND: POST /session/5eab562a-78ab-4559-83b0-7aeab71bebe6/element - {"using":"-android uiautomator","value":"new UiSelector().description(\"Sign in\")"}
RESULT: {"using":"-android uiautomator","value":"new UiSelector().description(\"Sign in\")"}
COMMAND: POST /session/5eab562a-78ab-4559-83b0-7aeab71bebe6/element - {"using":"-android uiautomator","value":"new UiSelector().description(\"Sign in\")"}
RESULT: {"using":"-android uiautomator","value":"new UiSelector().description(\"Sign in\")"}
COMMAND: POST /session/5eab562a-78ab-4559-83b0-7aeab71bebe6/element - {"using":"-android uiautomator","value":"new UiSelector().textContains(\"Sign in\")"}
RESULT: {"using":"-android uiautomator","value":"new UiSelector().textContains(\"Sign in\")"}
COMMAND: POST /session/5eab562a-78ab-4559-83b0-7aeab71bebe6/element - {"using":"-android uiautomator","value":"new UiSelector().textContains(\"Sign in\")"}
RESULT: {"using":"-android uiautomator","value":"new UiSelector().textContains(\"Sign in\")"}
COMMAND: POST /session/5eab562a-78ab-4559-83b0-7aeab71bebe6/element - {"using":"-android uiautomator","value":"new UiSelector().descriptionContains(\"Sign in\")"}
RESULT: {"using":"-android uiautomator","value":"new UiSelector().descriptionContains(\"Sign in\")"}
COMMAND: POST /session/5eab562a-78ab-4559-83b0-7aeab71bebe6/element - {"using":"-android uiautomator","value":"new UiSelector().descriptionContains(\"Sign in\")"}
RESULT: {"using":"-android uiautomator","value":"new UiSelector().descriptionContains(\"Sign in\")"}
COMMAND: POST /session/5eab562a-78ab-4559-83b0-7aeab71bebe6/element - {"using":"accessibility id","value":"Sign in"}
RESULT: {"using":"accessibility id","value":"Sign in"}
COMMAND: POST /session/5eab562a-78ab-4559-83b0-7aeab71bebe6/element - {"using":"accessibility id","value":"Sign in"}
RESULT: {"using":"accessibility id","value":"Sign in"}
COMMAND: POST /session/5eab562a-78ab-4559-83b0-7aeab71bebe6/element - {"using":"-android uiautomator","value":"new UiSelector().text(\"Sign in\")"}
RESULT: {"using":"-android uiautomator","value":"new UiSelector().text(\"Sign in\")"}
COMMAND: POST /session/5eab562a-78ab-4559-83b0-7aeab71bebe6/element - {"using":"-android uiautomator","value":"new UiSelector().text(\"Sign in\")"}
RESULT: {"using":"-android uiautomator","value":"new UiSelector().text(\"Sign in\")"}
COMMAND: POST /session/5eab562a-78ab-4559-83b0-7aeab71bebe6/element - {"using":"-android uiautomator","value":"new UiSelector().description(\"Sign in\")"}
RESULT: {"using":"-android uiautomator","value":"new UiSelector().description(\"Sign in\")"}
COMMAND: POST /session/5eab562a-78ab-4559-83b0-7aeab71bebe6/element - {"using":"-android uiautomator","value":"new UiSelector().description(\"Sign in\")"}
RESULT: {"using":"-android uiautomator","value":"new UiSelector().description(\"Sign in\")"}
COMMAND: POST /session/5eab562a-78ab-4559-83b0-7aeab71bebe6/element - {"using":"-android uiautomator","value":"new UiSelector().textContains(\"Sign in\")"}
RESULT: {"using":"-android uiautomator","value":"new UiSelector().textContains(\"Sign in\")"}
COMMAND: POST /session/5eab562a-78ab-4559-83b0-7aeab71bebe6/element - {"using":"-android uiautomator","value":"new UiSelector().textContains(\"Sign in\")"}
RESULT: {"using":"-android uiautomator","value":"new UiSelector().textContains(\"Sign in\")"}
COMMAND: POST /session/5eab562a-78ab-4559-83b0-7aeab71bebe6/element - {"using":"-android uiautomator","value":"new UiSelector().descriptionContains(\"Sign in\")"}
RESULT: {"using":"-android uiautomator","value":"new UiSelector().descriptionContains(\"Sign in\")"}
COMMAND: POST /session/5eab562a-78ab-4559-83b0-7aeab71bebe6/element - {"using":"-android uiautomator","value":"new UiSelector().descriptionContains(\"Sign in\")"}
RESULT: {"using":"-android uiautomator","value":"new UiSelector().descriptionContains(\"Sign in\")"}
COMMAND: POST /session/5eab562a-78ab-4559-83b0-7aeab71bebe6/element - {"using":"accessibility id","value":"Sign in"}
RESULT: {"using":"accessibility id","value":"Sign in"}
COMMAND: POST /session/5eab562a-78ab-4559-83b0-7aeab71bebe6/element - {"using":"accessibility id","value":"Sign in"}
RESULT: {"using":"accessibility id","value":"Sign in"}
COMMAND: POST /session/5eab562a-78ab-4559-83b0-7aeab71bebe6/element - {"using":"-android uiautomator","value":"new UiSelector().text(\"Sign in\")"}
RESULT: {"using":"-android uiautomator","value":"new UiSelector().text(\"Sign in\")"}
COMMAND: POST /session/5eab562a-78ab-4559-83b0-7aeab71bebe6/element - {"using":"-android uiautomator","value":"new UiSelector().text(\"Sign in\")"}
RESULT: {"using":"-android uiautomator","value":"new UiSelector().text(\"Sign in\")"}
COMMAND: POST /session/5eab562a-78ab-4559-83b0-7aeab71bebe6/element - {"using":"-android uiautomator","value":"new UiSelector().description(\"Sign in\")"}
RESULT: {"using":"-android uiautomator","value":"new UiSelector().description(\"Sign in\")"}
COMMAND: POST /session/5eab562a-78ab-4559-83b0-7aeab71bebe6/element - {"using":"-android uiautomator","value":"new UiSelector().description(\"Sign in\")"}
RESULT: {"using":"-android uiautomator","value":"new UiSelector().description(\"Sign in\")"}
COMMAND: POST /session/5eab562a-78ab-4559-83b0-7aeab71bebe6/element - {"using":"-android uiautomator","value":"new UiSelector().textContains(\"Sign in\")"}
RESULT: {"using":"-android uiautomator","value":"new UiSelector().textContains(\"Sign in\")"}
COMMAND: POST /session/5eab562a-78ab-4559-83b0-7aeab71bebe6/element - {"using":"-android uiautomator","value":"new UiSelector().textContains(\"Sign in\")"}
RESULT: {"using":"-android uiautomator","value":"new UiSelector().textContains(\"Sign in\")"}
COMMAND: POST /session/5eab562a-78ab-4559-83b0-7aeab71bebe6/element - {"using":"-android uiautomator","value":"new UiSelector().descriptionContains(\"Sign in\")"}
RESULT: {"using":"-android uiautomator","value":"new UiSelector().descriptionContains(\"Sign in\")"}
COMMAND: POST /session/5eab562a-78ab-4559-83b0-7aeab71bebe6/element - {"using":"-android uiautomator","value":"new UiSelector().descriptionContains(\"Sign in\")"}
RESULT: {"using":"-android uiautomator","value":"new UiSelector().descriptionContains(\"Sign in\")"}
COMMAND: POST /session/5eab562a-78ab-4559-83b0-7aeab71bebe6/element - {"using":"accessibility id","value":"Sign in"}
RESULT: {"using":"accessibility id","value":"Sign in"}
COMMAND: POST /session/5eab562a-78ab-4559-83b0-7aeab71bebe6/element - {"using":"accessibility id","value":"Sign in"}
RESULT: {"using":"accessibility id","value":"Sign in"}
COMMAND: POST /session/5eab562a-78ab-4559-83b0-7aeab71bebe6/element - {"using":"-android uiautomator","value":"new UiSelector().text(\"Sign in\")"}
RESULT: {"using":"-android uiautomator","value":"new UiSelector().text(\"Sign in\")"}
COMMAND: POST /session/5eab562a-78ab-4559-83b0-7aeab71bebe6/element - {"using":"-android uiautomator","value":"new UiSelector().text(\"Sign in\")"}
RESULT: {"using":"-android uiautomator","value":"new UiSelector().text(\"Sign in\")"}
COMMAND: POST /session/5eab562a-78ab-4559-83b0-7aeab71bebe6/element - {"using":"-android uiautomator","value":"new UiSelector().description(\"Sign in\")"}
RESULT: {"using":"-android uiautomator","value":"new UiSelector().description(\"Sign in\")"}
COMMAND: POST /session/5eab562a-78ab-4559-83b0-7aeab71bebe6/element - {"using":"-android uiautomator","value":"new UiSelector().description(\"Sign in\")"}
RESULT: {"using":"-android uiautomator","value":"new UiSelector().description(\"Sign in\")"}
COMMAND: POST /session/5eab562a-78ab-4559-83b0-7aeab71bebe6/element - {"using":"-android uiautomator","value":"new UiSelector().textContains(\"Sign in\")"}
RESULT: {"using":"-android uiautomator","value":"new UiSelector().textContains(\"Sign in\")"}
COMMAND: POST /session/5eab562a-78ab-4559-83b0-7aeab71bebe6/element - {"using":"-android uiautomator","value":"new UiSelector().textContains(\"Sign in\")"}
RESULT: {"using":"-android uiautomator","value":"new UiSelector().textContains(\"Sign in\")"}
COMMAND: POST /session/5eab562a-78ab-4559-83b0-7aeab71bebe6/element - {"using":"-android uiautomator","value":"new UiSelector().descriptionContains(\"Sign in\")"}
RESULT: {"using":"-android uiautomator","value":"new UiSelector().descriptionContains(\"Sign in\")"}
COMMAND: POST /session/5eab562a-78ab-4559-83b0-7aeab71bebe6/element - {"using":"-android uiautomator","value":"new UiSelector().descriptionContains(\"Sign in\")"}
RESULT: {"using":"-android uiautomator","value":"new UiSelector().descriptionContains(\"Sign in\")"}
COMMAND: POST /session/5eab562a-78ab-4559-83b0-7aeab71bebe6/element - {"using":"accessibility id","value":"Sign in"}
RESULT: {"using":"accessibility id","value":"Sign in"}
COMMAND: POST /session/5eab562a-78ab-4559-83b0-7aeab71bebe6/element - {"using":"accessibility id","value":"Sign in"}
RESULT: {"using":"accessibility id","value":"Sign in"}
COMMAND: POST /session/5eab562a-78ab-4559-83b0-7aeab71bebe6/element - {"using":"-android uiautomator","value":"new UiSelector().text(\"Sign in\")"}
RESULT: {"using":"-android uiautomator","value":"new UiSelector().text(\"Sign in\")"}
COMMAND: POST /session/5eab562a-78ab-4559-83b0-7aeab71bebe6/element - {"using":"-android uiautomator","value":"new UiSelector().text(\"Sign in\")"}
RESULT: {"using":"-android uiautomator","value":"new UiSelector().text(\"Sign in\")"}
COMMAND: POST /session/5eab562a-78ab-4559-83b0-7aeab71bebe6/element - {"using":"-android uiautomator","value":"new UiSelector().description(\"Sign in\")"}
RESULT: {"using":"-android uiautomator","value":"new UiSelector().description(\"Sign in\")"}
COMMAND: POST /session/5eab562a-78ab-4559-83b0-7aeab71bebe6/element - {"using":"-android uiautomator","value":"new UiSelector().description(\"Sign in\")"}
RESULT: {"using":"-android uiautomator","value":"new UiSelector().description(\"Sign in\")"}
COMMAND: POST /session/5eab562a-78ab-4559-83b0-7aeab71bebe6/element - {"using":"-android uiautomator","value":"new UiSelector().textContains(\"Sign in\")"}
RESULT: {"using":"-android uiautomator","value":"new UiSelector().textContains(\"Sign in\")"}
COMMAND: POST /session/5eab562a-78ab-4559-83b0-7aeab71bebe6/element - {"using":"-android uiautomator","value":"new UiSelector().textContains(\"Sign in\")"}
RESULT: {"using":"-android uiautomator","value":"new UiSelector().textContains(\"Sign in\")"}
COMMAND: POST /session/5eab562a-78ab-4559-83b0-7aeab71bebe6/element - {"using":"-android uiautomator","value":"new UiSelector().descriptionContains(\"Sign in\")"}
RESULT: {"using":"-android uiautomator","value":"new UiSelector().descriptionContains(\"Sign in\")"}
COMMAND: POST /session/5eab562a-78ab-4559-83b0-7aeab71bebe6/element - {"using":"-android uiautomator","value":"new UiSelector().descriptionContains(\"Sign in\")"}
RESULT: {"using":"-android uiautomator","value":"new UiSelector().descriptionContains(\"Sign in\")"}
COMMAND: POST /session/5eab562a-78ab-4559-83b0-7aeab71bebe6/element - {"using":"accessibility id","value":"Sign in"}
RESULT: {"using":"accessibility id","value":"Sign in"}
COMMAND: POST /session/5eab562a-78ab-4559-83b0-7aeab71bebe6/element - {"using":"accessibility id","value":"Sign in"}
RESULT: {"using":"accessibility id","value":"Sign in"}
COMMAND: POST /session/5eab562a-78ab-4559-83b0-7aeab71bebe6/element - {"using":"-android uiautomator","value":"new UiSelector().text(\"Sign in\")"}
RESULT: {"using":"-android uiautomator","value":"new UiSelector().text(\"Sign in\")"}
COMMAND: POST /session/5eab562a-78ab-4559-83b0-7aeab71bebe6/element - {"using":"-android uiautomator","value":"new UiSelector().text(\"Sign in\")"}
RESULT: {"using":"-android uiautomator","value":"new UiSelector().text(\"Sign in\")"}
COMMAND: POST /session/5eab562a-78ab-4559-83b0-7aeab71bebe6/element - {"using":"-android uiautomator","value":"new UiSelector().description(\"Sign in\")"}
RESULT: {"using":"-android uiautomator","value":"new UiSelector().description(\"Sign in\")"}
COMMAND: POST /session/5eab562a-78ab-4559-83b0-7aeab71bebe6/element - {"using":"-android uiautomator","value":"new UiSelector().description(\"Sign in\")"}
RESULT: {"using":"-android uiautomator","value":"new UiSelector().description(\"Sign in\")"}
COMMAND: POST /session/5eab562a-78ab-4559-83b0-7aeab71bebe6/element - {"using":"-android uiautomator","value":"new UiSelector().textContains(\"Sign in\")"}
RESULT: {"using":"-android uiautomator","value":"new UiSelector().textContains(\"Sign in\")"}
COMMAND: POST /session/5eab562a-78ab-4559-83b0-7aeab71bebe6/element - {"using":"-android uiautomator","value":"new UiSelector().textContains(\"Sign in\")"}
RESULT: {"using":"-android uiautomator","value":"new UiSelector().textContains(\"Sign in\")"}
COMMAND: POST /session/5eab562a-78ab-4559-83b0-7aeab71bebe6/element - {"using":"-android uiautomator","value":"new UiSelector().descriptionContains(\"Sign in\")"}
RESULT: {"using":"-android uiautomator","value":"new UiSelector().descriptionContains(\"Sign in\")"}
COMMAND: POST /session/5eab562a-78ab-4559-83b0-7aeab71bebe6/element - {"using":"-android uiautomator","value":"new UiSelector().descriptionContains(\"Sign in\")"}
RESULT: {"using":"-android uiautomator","value":"new UiSelector().descriptionContains(\"Sign in\")"}
COMMAND: POST /session/5eab562a-78ab-4559-83b0-7aeab71bebe6/element - {"using":"accessibility id","value":"Sign in"}
RESULT: {"using":"accessibility id","value":"Sign in"}
COMMAND: POST /session/5eab562a-78ab-4559-83b0-7aeab71bebe6/element - {"using":"accessibility id","value":"Sign in"}
RESULT: {"using":"accessibility id","value":"Sign in"}
COMMAND: POST /session/5eab562a-78ab-4559-83b0-7aeab71bebe6/element - {"using":"-android uiautomator","value":"new UiSelector().text(\"Net worth\")"}
RESULT: {"using":"-android uiautomator","value":"new UiSelector().text(\"Net worth\")"}
COMMAND: POST /session/5eab562a-78ab-4559-83b0-7aeab71bebe6/element - {"using":"-android uiautomator","value":"new UiSelector().text(\"Net worth\")"}
RESULT: {"using":"-android uiautomator","value":"new UiSelector().text(\"Net worth\")"}
COMMAND: POST /session/5eab562a-78ab-4559-83b0-7aeab71bebe6/element - {"using":"-android uiautomator","value":"new UiSelector().description(\"Net worth\")"}
RESULT: {"using":"-android uiautomator","value":"new UiSelector().description(\"Net worth\")"}
COMMAND: POST /session/5eab562a-78ab-4559-83b0-7aeab71bebe6/element - {"using":"-android uiautomator","value":"new UiSelector().description(\"Net worth\")"}
RESULT: {"using":"-android uiautomator","value":"new UiSelector().description(\"Net worth\")"}
COMMAND: POST /session/5eab562a-78ab-4559-83b0-7aeab71bebe6/element - {"using":"-android uiautomator","value":"new UiSelector().textContains(\"Net worth\")"}
RESULT: {"using":"-android uiautomator","value":"new UiSelector().textContains(\"Net worth\")"}
COMMAND: POST /session/5eab562a-78ab-4559-83b0-7aeab71bebe6/element - {"using":"-android uiautomator","value":"new UiSelector().textContains(\"Net worth\")"}
RESULT: {"using":"-android uiautomator","value":"new UiSelector().textContains(\"Net worth\")"}
COMMAND: POST /session/5eab562a-78ab-4559-83b0-7aeab71bebe6/element - {"using":"-android uiautomator","value":"new UiSelector().descriptionContains(\"Net worth\")"}
RESULT: {"using":"-android uiautomator","value":"new UiSelector().descriptionContains(\"Net worth\")"}
COMMAND: POST /session/5eab562a-78ab-4559-83b0-7aeab71bebe6/element - {"using":"-android uiautomator","value":"new UiSelector().descriptionContains(\"Net worth\")"}
RESULT: {"using":"-android uiautomator","value":"new UiSelector().descriptionContains(\"Net worth\")"}
COMMAND: POST /session/5eab562a-78ab-4559-83b0-7aeab71bebe6/element - {"using":"accessibility id","value":"Net worth"}
RESULT: {"using":"accessibility id","value":"Net worth"}
COMMAND: POST /session/5eab562a-78ab-4559-83b0-7aeab71bebe6/element - {"using":"accessibility id","value":"Net worth"}
RESULT: {"using":"accessibility id","value":"Net worth"}
COMMAND: POST /session/5eab562a-78ab-4559-83b0-7aeab71bebe6/element - {"using":"-android uiautomator","value":"new UiSelector().text(\"Net worth\")"}
RESULT: {"using":"-android uiautomator","value":"new UiSelector().text(\"Net worth\")"}
COMMAND: POST /session/5eab562a-78ab-4559-83b0-7aeab71bebe6/element - {"using":"-android uiautomator","value":"new UiSelector().text(\"Net worth\")"}
RESULT: {"using":"-android uiautomator","value":"new UiSelector().text(\"Net worth\")"}
COMMAND: POST /session/5eab562a-78ab-4559-83b0-7aeab71bebe6/element - {"using":"-android uiautomator","value":"new UiSelector().description(\"Net worth\")"}
RESULT: {"using":"-android uiautomator","value":"new UiSelector().description(\"Net worth\")"}
COMMAND: POST /session/5eab562a-78ab-4559-83b0-7aeab71bebe6/element - {"using":"-android uiautomator","value":"new UiSelector().description(\"Net worth\")"}
RESULT: {"using":"-android uiautomator","value":"new UiSelector().description(\"Net worth\")"}
COMMAND: POST /session/5eab562a-78ab-4559-83b0-7aeab71bebe6/element - {"using":"-android uiautomator","value":"new UiSelector().textContains(\"Net worth\")"}
RESULT: {"using":"-android uiautomator","value":"new UiSelector().textContains(\"Net worth\")"}
COMMAND: POST /session/5eab562a-78ab-4559-83b0-7aeab71bebe6/element - {"using":"-android uiautomator","value":"new UiSelector().textContains(\"Net worth\")"}
RESULT: {"using":"-android uiautomator","value":"new UiSelector().textContains(\"Net worth\")"}
COMMAND: POST /session/5eab562a-78ab-4559-83b0-7aeab71bebe6/element - {"using":"-android uiautomator","value":"new UiSelector().descriptionContains(\"Net worth\")"}
RESULT: {"using":"-android uiautomator","value":"new UiSelector().descriptionContains(\"Net worth\")"}
COMMAND: POST /session/5eab562a-78ab-4559-83b0-7aeab71bebe6/element - {"using":"-android uiautomator","value":"new UiSelector().descriptionContains(\"Net worth\")"}
RESULT: {"using":"-android uiautomator","value":"new UiSelector().descriptionContains(\"Net worth\")"}
COMMAND: POST /session/5eab562a-78ab-4559-83b0-7aeab71bebe6/element - {"using":"accessibility id","value":"Net worth"}
RESULT: {"using":"accessibility id","value":"Net worth"}
COMMAND: POST /session/5eab562a-78ab-4559-83b0-7aeab71bebe6/element - {"using":"accessibility id","value":"Net worth"}
RESULT: {"using":"accessibility id","value":"Net worth"}
COMMAND: POST /session/5eab562a-78ab-4559-83b0-7aeab71bebe6/element - {"using":"-android uiautomator","value":"new UiSelector().text(\"Net worth\")"}
RESULT: {"using":"-android uiautomator","value":"new UiSelector().text(\"Net worth\")"}
COMMAND: POST /session/5eab562a-78ab-4559-83b0-7aeab71bebe6/element - {"using":"-android uiautomator","value":"new UiSelector().text(\"Net worth\")"}
RESULT: {"using":"-android uiautomator","value":"new UiSelector().text(\"Net worth\")"}
COMMAND: POST /session/5eab562a-78ab-4559-83b0-7aeab71bebe6/element - {"using":"-android uiautomator","value":"new UiSelector().description(\"Net worth\")"}
RESULT: {"using":"-android uiautomator","value":"new UiSelector().description(\"Net worth\")"}
COMMAND: POST /session/5eab562a-78ab-4559-83b0-7aeab71bebe6/element - {"using":"-android uiautomator","value":"new UiSelector().description(\"Net worth\")"}
RESULT: {"using":"-android uiautomator","value":"new UiSelector().description(\"Net worth\")"}
COMMAND: POST /session/5eab562a-78ab-4559-83b0-7aeab71bebe6/element - {"using":"-android uiautomator","value":"new UiSelector().textContains(\"Net worth\")"}
RESULT: {"using":"-android uiautomator","value":"new UiSelector().textContains(\"Net worth\")"}
COMMAND: POST /session/5eab562a-78ab-4559-83b0-7aeab71bebe6/element - {"using":"-android uiautomator","value":"new UiSelector().textContains(\"Net worth\")"}
RESULT: {"using":"-android uiautomator","value":"new UiSelector().textContains(\"Net worth\")"}
COMMAND: POST /session/5eab562a-78ab-4559-83b0-7aeab71bebe6/element - {"using":"-android uiautomator","value":"new UiSelector().descriptionContains(\"Net worth\")"}
RESULT: {"using":"-android uiautomator","value":"new UiSelector().descriptionContains(\"Net worth\")"}
COMMAND: POST /session/5eab562a-78ab-4559-83b0-7aeab71bebe6/element - {"using":"-android uiautomator","value":"new UiSelector().descriptionContains(\"Net worth\")"}
RESULT: {"using":"-android uiautomator","value":"new UiSelector().descriptionContains(\"Net worth\")"}
COMMAND: POST /session/5eab562a-78ab-4559-83b0-7aeab71bebe6/element - {"using":"accessibility id","value":"Net worth"}
RESULT: {"using":"accessibility id","value":"Net worth"}
COMMAND: POST /session/5eab562a-78ab-4559-83b0-7aeab71bebe6/element - {"using":"accessibility id","value":"Net worth"}
RESULT: {"using":"accessibility id","value":"Net worth"}
COMMAND: POST /session/5eab562a-78ab-4559-83b0-7aeab71bebe6/element - {"using":"-android uiautomator","value":"new UiSelector().text(\"Net worth\")"}
RESULT: {"using":"-android uiautomator","value":"new UiSelector().text(\"Net worth\")"}
COMMAND: POST /session/5eab562a-78ab-4559-83b0-7aeab71bebe6/element - {"using":"-android uiautomator","value":"new UiSelector().text(\"Net worth\")"}
RESULT: {"using":"-android uiautomator","value":"new UiSelector().text(\"Net worth\")"}
COMMAND: POST /session/5eab562a-78ab-4559-83b0-7aeab71bebe6/element - {"using":"-android uiautomator","value":"new UiSelector().description(\"Net worth\")"}
RESULT: {"using":"-android uiautomator","value":"new UiSelector().description(\"Net worth\")"}
COMMAND: POST /session/5eab562a-78ab-4559-83b0-7aeab71bebe6/element - {"using":"-android uiautomator","value":"new UiSelector().description(\"Net worth\")"}
RESULT: {"using":"-android uiautomator","value":"new UiSelector().description(\"Net worth\")"}
COMMAND: POST /session/5eab562a-78ab-4559-83b0-7aeab71bebe6/element - {"using":"-android uiautomator","value":"new UiSelector().textContains(\"Net worth\")"}
RESULT: {"using":"-android uiautomator","value":"new UiSelector().textContains(\"Net worth\")"}
COMMAND: POST /session/5eab562a-78ab-4559-83b0-7aeab71bebe6/element - {"using":"-android uiautomator","value":"new UiSelector().textContains(\"Net worth\")"}
RESULT: {"using":"-android uiautomator","value":"new UiSelector().textContains(\"Net worth\")"}
COMMAND: POST /session/5eab562a-78ab-4559-83b0-7aeab71bebe6/element - {"using":"-android uiautomator","value":"new UiSelector().descriptionContains(\"Net worth\")"}
RESULT: {"using":"-android uiautomator","value":"new UiSelector().descriptionContains(\"Net worth\")"}
COMMAND: POST /session/5eab562a-78ab-4559-83b0-7aeab71bebe6/element - {"using":"-android uiautomator","value":"new UiSelector().descriptionContains(\"Net worth\")"}
RESULT: {"using":"-android uiautomator","value":"new UiSelector().descriptionContains(\"Net worth\")"}
COMMAND: POST /session/5eab562a-78ab-4559-83b0-7aeab71bebe6/element - {"using":"accessibility id","value":"Net worth"}
RESULT: {"using":"accessibility id","value":"Net worth"}
COMMAND: POST /session/5eab562a-78ab-4559-83b0-7aeab71bebe6/element - {"using":"accessibility id","value":"Net worth"}
RESULT: {"using":"accessibility id","value":"Net worth"}
COMMAND: POST /session/5eab562a-78ab-4559-83b0-7aeab71bebe6/element - {"using":"-android uiautomator","value":"new UiSelector().text(\"Net worth\")"}
RESULT: {"using":"-android uiautomator","value":"new UiSelector().text(\"Net worth\")"}
COMMAND: POST /session/5eab562a-78ab-4559-83b0-7aeab71bebe6/element - {"using":"-android uiautomator","value":"new UiSelector().text(\"Net worth\")"}
RESULT: {"using":"-android uiautomator","value":"new UiSelector().text(\"Net worth\")"}
COMMAND: POST /session/5eab562a-78ab-4559-83b0-7aeab71bebe6/element - {"using":"-android uiautomator","value":"new UiSelector().description(\"Net worth\")"}
RESULT: {"using":"-android uiautomator","value":"new UiSelector().description(\"Net worth\")"}
COMMAND: POST /session/5eab562a-78ab-4559-83b0-7aeab71bebe6/element - {"using":"-android uiautomator","value":"new UiSelector().description(\"Net worth\")"}
RESULT: {"using":"-android uiautomator","value":"new UiSelector().description(\"Net worth\")"}
COMMAND: POST /session/5eab562a-78ab-4559-83b0-7aeab71bebe6/element - {"using":"-android uiautomator","value":"new UiSelector().textContains(\"Net worth\")"}
RESULT: {"using":"-android uiautomator","value":"new UiSelector().textContains(\"Net worth\")"}
COMMAND: POST /session/5eab562a-78ab-4559-83b0-7aeab71bebe6/element - {"using":"-android uiautomator","value":"new UiSelector().textContains(\"Net worth\")"}
RESULT: {"using":"-android uiautomator","value":"new UiSelector().textContains(\"Net worth\")"}
COMMAND: POST /session/5eab562a-78ab-4559-83b0-7aeab71bebe6/element - {"using":"-android uiautomator","value":"new UiSelector().descriptionContains(\"Net worth\")"}
RESULT: {"using":"-android uiautomator","value":"new UiSelector().descriptionContains(\"Net worth\")"}
COMMAND: POST /session/5eab562a-78ab-4559-83b0-7aeab71bebe6/element - {"using":"-android uiautomator","value":"new UiSelector().descriptionContains(\"Net worth\")"}
RESULT: {"using":"-android uiautomator","value":"new UiSelector().descriptionContains(\"Net worth\")"}
COMMAND: POST /session/5eab562a-78ab-4559-83b0-7aeab71bebe6/element - {"using":"accessibility id","value":"Net worth"}
RESULT: {"using":"accessibility id","value":"Net worth"}
COMMAND: POST /session/5eab562a-78ab-4559-83b0-7aeab71bebe6/element - {"using":"accessibility id","value":"Net worth"}
RESULT: {"using":"accessibility id","value":"Net worth"}
COMMAND: POST /session/5eab562a-78ab-4559-83b0-7aeab71bebe6/element - {"using":"-android uiautomator","value":"new UiSelector().text(\"Net worth\")"}
RESULT: {"using":"-android uiautomator","value":"new UiSelector().text(\"Net worth\")"}
COMMAND: POST /session/5eab562a-78ab-4559-83b0-7aeab71bebe6/element - {"using":"-android uiautomator","value":"new UiSelector().text(\"Net worth\")"}
RESULT: {"using":"-android uiautomator","value":"new UiSelector().text(\"Net worth\")"}
COMMAND: POST /session/5eab562a-78ab-4559-83b0-7aeab71bebe6/element - {"using":"-android uiautomator","value":"new UiSelector().description(\"Net worth\")"}
RESULT: {"using":"-android uiautomator","value":"new UiSelector().description(\"Net worth\")"}
COMMAND: POST /session/5eab562a-78ab-4559-83b0-7aeab71bebe6/element - {"using":"-android uiautomator","value":"new UiSelector().description(\"Net worth\")"}
RESULT: {"using":"-android uiautomator","value":"new UiSelector().description(\"Net worth\")"}
COMMAND: POST /session/5eab562a-78ab-4559-83b0-7aeab71bebe6/element - {"using":"-android uiautomator","value":"new UiSelector().textContains(\"Net worth\")"}
RESULT: {"using":"-android uiautomator","value":"new UiSelector().textContains(\"Net worth\")"}
COMMAND: POST /session/5eab562a-78ab-4559-83b0-7aeab71bebe6/element - {"using":"-android uiautomator","value":"new UiSelector().textContains(\"Net worth\")"}
RESULT: {"using":"-android uiautomator","value":"new UiSelector().textContains(\"Net worth\")"}
COMMAND: POST /session/5eab562a-78ab-4559-83b0-7aeab71bebe6/element - {"using":"-android uiautomator","value":"new UiSelector().descriptionContains(\"Net worth\")"}
RESULT: {"using":"-android uiautomator","value":"new UiSelector().descriptionContains(\"Net worth\")"}
COMMAND: POST /session/5eab562a-78ab-4559-83b0-7aeab71bebe6/element - {"using":"-android uiautomator","value":"new UiSelector().descriptionContains(\"Net worth\")"}
RESULT: {"using":"-android uiautomator","value":"new UiSelector().descriptionContains(\"Net worth\")"}
COMMAND: POST /session/5eab562a-78ab-4559-83b0-7aeab71bebe6/element - {"using":"accessibility id","value":"Net worth"}
RESULT: {"using":"accessibility id","value":"Net worth"}
COMMAND: POST /session/5eab562a-78ab-4559-83b0-7aeab71bebe6/element - {"using":"accessibility id","value":"Net worth"}
RESULT: {"using":"accessibility id","value":"Net worth"}
COMMAND: POST /session/5eab562a-78ab-4559-83b0-7aeab71bebe6/element - {"using":"-android uiautomator","value":"new UiSelector().text(\"Activity\")"}
RESULT: {"using":"-android uiautomator","value":"new UiSelector().text(\"Activity\")"}
COMMAND: POST /session/5eab562a-78ab-4559-83b0-7aeab71bebe6/element - {"using":"-android uiautomator","value":"new UiSelector().text(\"Activity\")"}
RESULT: {"using":"-android uiautomator","value":"new UiSelector().text(\"Activity\")"}
COMMAND: POST /session/5eab562a-78ab-4559-83b0-7aeab71bebe6/element - {"using":"-android uiautomator","value":"new UiSelector().description(\"Activity\")"}
RESULT: {"using":"-android uiautomator","value":"new UiSelector().description(\"Activity\")"}
COMMAND: POST /session/5eab562a-78ab-4559-83b0-7aeab71bebe6/element - {"using":"-android uiautomator","value":"new UiSelector().description(\"Activity\")"}
RESULT: {"using":"-android uiautomator","value":"new UiSelector().description(\"Activity\")"}
COMMAND: POST /session/5eab562a-78ab-4559-83b0-7aeab71bebe6/element - {"using":"-android uiautomator","value":"new UiSelector().textContains(\"Activity\")"}
RESULT: {"using":"-android uiautomator","value":"new UiSelector().textContains(\"Activity\")"}
COMMAND: POST /session/5eab562a-78ab-4559-83b0-7aeab71bebe6/element - {"using":"-android uiautomator","value":"new UiSelector().textContains(\"Activity\")"}
RESULT: {"using":"-android uiautomator","value":"new UiSelector().textContains(\"Activity\")"}
COMMAND: POST /session/5eab562a-78ab-4559-83b0-7aeab71bebe6/element - {"using":"-android uiautomator","value":"new UiSelector().descriptionContains(\"Activity\")"}
RESULT: {"using":"-android uiautomator","value":"new UiSelector().descriptionContains(\"Activity\")"}
COMMAND: GET /session/5eab562a-78ab-4559-83b0-7aeab71bebe6/element/00000000-0000-028e-0000-01a300000010/displayed - {}
RESULT: {}
COMMAND: GET /session/5eab562a-78ab-4559-83b0-7aeab71bebe6/screenshot - {}
RESULT: {}
COMMAND: POST /session/5eab562a-78ab-4559-83b0-7aeab71bebe6/element - {"using":"-android uiautomator","value":"new UiSelector().text(\"Start Now\")"}
RESULT: {"using":"-android uiautomator","value":"new UiSelector().text(\"Start Now\")"}
COMMAND: POST /session/5eab562a-78ab-4559-83b0-7aeab71bebe6/element - {"using":"-android uiautomator","value":"new UiSelector().text(\"Start Now\")"}
RESULT: {"using":"-android uiautomator","value":"new UiSelector().text(\"Start Now\")"}
COMMAND: POST /session/5eab562a-78ab-4559-83b0-7aeab71bebe6/element - {"using":"-android uiautomator","value":"new UiSelector().description(\"Start Now\")"}
RESULT: {"using":"-android uiautomator","value":"new UiSelector().description(\"Start Now\")"}
COMMAND: POST /session/5eab562a-78ab-4559-83b0-7aeab71bebe6/element - {"using":"-android uiautomator","value":"new UiSelector().description(\"Start Now\")"}
RESULT: {"using":"-android uiautomator","value":"new UiSelector().description(\"Start Now\")"}
COMMAND: POST /session/5eab562a-78ab-4559-83b0-7aeab71bebe6/element - {"using":"-android uiautomator","value":"new UiSelector().textContains(\"Start Now\")"}
RESULT: {"using":"-android uiautomator","value":"new UiSelector().textContains(\"Start Now\")"}
COMMAND: POST /session/5eab562a-78ab-4559-83b0-7aeab71bebe6/element - {"using":"-android uiautomator","value":"new UiSelector().textContains(\"Start Now\")"}
RESULT: {"using":"-android uiautomator","value":"new UiSelector().textContains(\"Start Now\")"}
COMMAND: POST /session/5eab562a-78ab-4559-83b0-7aeab71bebe6/element - {"using":"-android uiautomator","value":"new UiSelector().descriptionContains(\"Start Now\")"}
RESULT: {"using":"-android uiautomator","value":"new UiSelector().descriptionContains(\"Start Now\")"}
COMMAND: POST /session/5eab562a-78ab-4559-83b0-7aeab71bebe6/element - {"using":"-android uiautomator","value":"new UiSelector().descriptionContains(\"Start Now\")"}
RESULT: {"using":"-android uiautomator","value":"new UiSelector().descriptionContains(\"Start Now\")"}
COMMAND: POST /session/5eab562a-78ab-4559-83b0-7aeab71bebe6/element - {"using":"accessibility id","value":"Start Now"}
RESULT: {"using":"accessibility id","value":"Start Now"}
COMMAND: POST /session/5eab562a-78ab-4559-83b0-7aeab71bebe6/element - {"using":"accessibility id","value":"Start Now"}
RESULT: {"using":"accessibility id","value":"Start Now"}
COMMAND: POST /session/5eab562a-78ab-4559-83b0-7aeab71bebe6/element - {"using":"-android uiautomator","value":"new UiSelector().text(\"Start Now\")"}
RESULT: {"using":"-android uiautomator","value":"new UiSelector().text(\"Start Now\")"}
COMMAND: POST /session/5eab562a-78ab-4559-83b0-7aeab71bebe6/element - {"using":"-android uiautomator","value":"new UiSelector().text(\"Start Now\")"}
RESULT: {"using":"-android uiautomator","value":"new UiSelector().text(\"Start Now\")"}
COMMAND: POST /session/5eab562a-78ab-4559-83b0-7aeab71bebe6/element - {"using":"-android uiautomator","value":"new UiSelector().description(\"Start Now\")"}
RESULT: {"using":"-android uiautomator","value":"new UiSelector().description(\"Start Now\")"}
COMMAND: POST /session/5eab562a-78ab-4559-83b0-7aeab71bebe6/element - {"using":"-android uiautomator","value":"new UiSelector().description(\"Start Now\")"}
RESULT: {"using":"-android uiautomator","value":"new UiSelector().description(\"Start Now\")"}
COMMAND: POST /session/5eab562a-78ab-4559-83b0-7aeab71bebe6/element - {"using":"-android uiautomator","value":"new UiSelector().textContains(\"Start Now\")"}
RESULT: {"using":"-android uiautomator","value":"new UiSelector().textContains(\"Start Now\")"}
COMMAND: POST /session/5eab562a-78ab-4559-83b0-7aeab71bebe6/element - {"using":"-android uiautomator","value":"new UiSelector().textContains(\"Start Now\")"}
RESULT: {"using":"-android uiautomator","value":"new UiSelector().textContains(\"Start Now\")"}
COMMAND: POST /session/5eab562a-78ab-4559-83b0-7aeab71bebe6/element - {"using":"-android uiautomator","value":"new UiSelector().descriptionContains(\"Start Now\")"}
RESULT: {"using":"-android uiautomator","value":"new UiSelector().descriptionContains(\"Start Now\")"}
COMMAND: POST /session/5eab562a-78ab-4559-83b0-7aeab71bebe6/element - {"using":"-android uiautomator","value":"new UiSelector().descriptionContains(\"Start Now\")"}
RESULT: {"using":"-android uiautomator","value":"new UiSelector().descriptionContains(\"Start Now\")"}
COMMAND: POST /session/5eab562a-78ab-4559-83b0-7aeab71bebe6/element - {"using":"accessibility id","value":"Start Now"}
RESULT: {"using":"accessibility id","value":"Start Now"}
COMMAND: POST /session/5eab562a-78ab-4559-83b0-7aeab71bebe6/element - {"using":"accessibility id","value":"Start Now"}
RESULT: {"using":"accessibility id","value":"Start Now"}
COMMAND: POST /session/5eab562a-78ab-4559-83b0-7aeab71bebe6/element - {"using":"-android uiautomator","value":"new UiSelector().text(\"Start Now\")"}
RESULT: {"using":"-android uiautomator","value":"new UiSelector().text(\"Start Now\")"}
COMMAND: POST /session/5eab562a-78ab-4559-83b0-7aeab71bebe6/element - {"using":"-android uiautomator","value":"new UiSelector().text(\"Start Now\")"}
RESULT: {"using":"-android uiautomator","value":"new UiSelector().text(\"Start Now\")"}
COMMAND: POST /session/5eab562a-78ab-4559-83b0-7aeab71bebe6/element - {"using":"-android uiautomator","value":"new UiSelector().description(\"Start Now\")"}
RESULT: {"using":"-android uiautomator","value":"new UiSelector().description(\"Start Now\")"}
COMMAND: POST /session/5eab562a-78ab-4559-83b0-7aeab71bebe6/element - {"using":"-android uiautomator","value":"new UiSelector().description(\"Start Now\")"}
RESULT: {"using":"-android uiautomator","value":"new UiSelector().description(\"Start Now\")"}
COMMAND: POST /session/5eab562a-78ab-4559-83b0-7aeab71bebe6/element - {"using":"-android uiautomator","value":"new UiSelector().textContains(\"Start Now\")"}
RESULT: {"using":"-android uiautomator","value":"new UiSelector().textContains(\"Start Now\")"}
COMMAND: POST /session/5eab562a-78ab-4559-83b0-7aeab71bebe6/element - {"using":"-android uiautomator","value":"new UiSelector().textContains(\"Start Now\")"}
RESULT: {"using":"-android uiautomator","value":"new UiSelector().textContains(\"Start Now\")"}
COMMAND: POST /session/5eab562a-78ab-4559-83b0-7aeab71bebe6/element - {"using":"-android uiautomator","value":"new UiSelector().descriptionContains(\"Start Now\")"}
RESULT: {"using":"-android uiautomator","value":"new UiSelector().descriptionContains(\"Start Now\")"}
COMMAND: POST /session/5eab562a-78ab-4559-83b0-7aeab71bebe6/element - {"using":"-android uiautomator","value":"new UiSelector().descriptionContains(\"Start Now\")"}
RESULT: {"using":"-android uiautomator","value":"new UiSelector().descriptionContains(\"Start Now\")"}
COMMAND: POST /session/5eab562a-78ab-4559-83b0-7aeab71bebe6/element - {"using":"accessibility id","value":"Start Now"}
RESULT: {"using":"accessibility id","value":"Start Now"}
COMMAND: POST /session/5eab562a-78ab-4559-83b0-7aeab71bebe6/element - {"using":"accessibility id","value":"Start Now"}
RESULT: {"using":"accessibility id","value":"Start Now"}
COMMAND: POST /session/5eab562a-78ab-4559-83b0-7aeab71bebe6/element - {"using":"-android uiautomator","value":"new UiSelector().text(\"Start Now\")"}
RESULT: {"using":"-android uiautomator","value":"new UiSelector().text(\"Start Now\")"}
COMMAND: POST /session/5eab562a-78ab-4559-83b0-7aeab71bebe6/element - {"using":"-android uiautomator","value":"new UiSelector().text(\"Start Now\")"}
RESULT: {"using":"-android uiautomator","value":"new UiSelector().text(\"Start Now\")"}
COMMAND: POST /session/5eab562a-78ab-4559-83b0-7aeab71bebe6/element - {"using":"-android uiautomator","value":"new UiSelector().description(\"Start Now\")"}
RESULT: {"using":"-android uiautomator","value":"new UiSelector().description(\"Start Now\")"}
COMMAND: POST /session/5eab562a-78ab-4559-83b0-7aeab71bebe6/element - {"using":"-android uiautomator","value":"new UiSelector().description(\"Start Now\")"}
RESULT: {"using":"-android uiautomator","value":"new UiSelector().description(\"Start Now\")"}
COMMAND: POST /session/5eab562a-78ab-4559-83b0-7aeab71bebe6/element - {"using":"-android uiautomator","value":"new UiSelector().textContains(\"Start Now\")"}
RESULT: {"using":"-android uiautomator","value":"new UiSelector().textContains(\"Start Now\")"}
COMMAND: POST /session/5eab562a-78ab-4559-83b0-7aeab71bebe6/element - {"using":"-android uiautomator","value":"new UiSelector().textContains(\"Start Now\")"}
RESULT: {"using":"-android uiautomator","value":"new UiSelector().textContains(\"Start Now\")"}
COMMAND: POST /session/5eab562a-78ab-4559-83b0-7aeab71bebe6/element - {"using":"-android uiautomator","value":"new UiSelector().descriptionContains(\"Start Now\")"}
RESULT: {"using":"-android uiautomator","value":"new UiSelector().descriptionContains(\"Start Now\")"}
COMMAND: POST /session/5eab562a-78ab-4559-83b0-7aeab71bebe6/element - {"using":"-android uiautomator","value":"new UiSelector().descriptionContains(\"Start Now\")"}
RESULT: {"using":"-android uiautomator","value":"new UiSelector().descriptionContains(\"Start Now\")"}
COMMAND: POST /session/5eab562a-78ab-4559-83b0-7aeab71bebe6/element - {"using":"accessibility id","value":"Start Now"}
RESULT: {"using":"accessibility id","value":"Start Now"}
COMMAND: POST /session/5eab562a-78ab-4559-83b0-7aeab71bebe6/element - {"using":"accessibility id","value":"Start Now"}
RESULT: {"using":"accessibility id","value":"Start Now"}
COMMAND: POST /session/5eab562a-78ab-4559-83b0-7aeab71bebe6/element - {"using":"-android uiautomator","value":"new UiSelector().text(\"Maintain Your\")"}
RESULT: {"using":"-android uiautomator","value":"new UiSelector().text(\"Maintain Your\")"}
COMMAND: POST /session/5eab562a-78ab-4559-83b0-7aeab71bebe6/element - {"using":"-android uiautomator","value":"new UiSelector().text(\"Maintain Your\")"}
[...]
RESULT: {"using":"-android uiautomator","value":"new UiSelector().textContains(\"Net worth\")"}
COMMAND: POST /session/5eab562a-78ab-4559-83b0-7aeab71bebe6/element - {"using":"-android uiautomator","value":"new UiSelector().textContains(\"Net worth\")"}
RESULT: {"using":"-android uiautomator","value":"new UiSelector().textContains(\"Net worth\")"}
COMMAND: POST /session/5eab562a-78ab-4559-83b0-7aeab71bebe6/element - {"using":"-android uiautomator","value":"new UiSelector().descriptionContains(\"Net worth\")"}
RESULT: {"using":"-android uiautomator","value":"new UiSelector().descriptionContains(\"Net worth\")"}
COMMAND: POST /session/5eab562a-78ab-4559-83b0-7aeab71bebe6/element - {"using":"-android uiautomator","value":"new UiSelector().descriptionContains(\"Net worth\")"}
RESULT: {"using":"-android uiautomator","value":"new UiSelector().descriptionContains(\"Net worth\")"}
COMMAND: POST /session/5eab562a-78ab-4559-83b0-7aeab71bebe6/element - {"using":"accessibility id","value":"Net worth"}
RESULT: {"using":"accessibility id","value":"Net worth"}
COMMAND: POST /session/5eab562a-78ab-4559-83b0-7aeab71bebe6/element - {"using":"accessibility id","value":"Net worth"}
RESULT: {"using":"accessibility id","value":"Net worth"}
COMMAND: POST /session/5eab562a-78ab-4559-83b0-7aeab71bebe6/element - {"using":"-android uiautomator","value":"new UiSelector().text(\"Net worth\")"}
RESULT: {"using":"-android uiautomator","value":"new UiSelector().text(\"Net worth\")"}
COMMAND: POST /session/5eab562a-78ab-4559-83b0-7aeab71bebe6/element - {"using":"-android uiautomator","value":"new UiSelector().text(\"Net worth\")"}
RESULT: {"using":"-android uiautomator","value":"new UiSelector().text(\"Net worth\")"}
COMMAND: POST /session/5eab562a-78ab-4559-83b0-7aeab71bebe6/element - {"using":"-android uiautomator","value":"new UiSelector().description(\"Net worth\")"}
RESULT: {"using":"-android uiautomator","value":"new UiSelector().description(\"Net worth\")"}
COMMAND: POST /session/5eab562a-78ab-4559-83b0-7aeab71bebe6/element - {"using":"-android uiautomator","value":"new UiSelector().description(\"Net worth\")"}
RESULT: {"using":"-android uiautomator","value":"new UiSelector().description(\"Net worth\")"}
COMMAND: POST /session/5eab562a-78ab-4559-83b0-7aeab71bebe6/element - {"using":"-android uiautomator","value":"new UiSelector().textContains(\"Net worth\")"}
RESULT: {"using":"-android uiautomator","value":"new UiSelector().textContains(\"Net worth\")"}
COMMAND: POST /session/5eab562a-78ab-4559-83b0-7aeab71bebe6/element - {"using":"-android uiautomator","value":"new UiSelector().textContains(\"Net worth\")"}
RESULT: {"using":"-android uiautomator","value":"new UiSelector().textContains(\"Net worth\")"}
COMMAND: POST /session/5eab562a-78ab-4559-83b0-7aeab71bebe6/element - {"using":"-android uiautomator","value":"new UiSelector().descriptionContains(\"Net worth\")"}
RESULT: {"using":"-android uiautomator","value":"new UiSelector().descriptionContains(\"Net worth\")"}
COMMAND: POST /session/5eab562a-78ab-4559-83b0-7aeab71bebe6/element - {"using":"-android uiautomator","value":"new UiSelector().descriptionContains(\"Net worth\")"}
RESULT: {"using":"-android uiautomator","value":"new UiSelector().descriptionContains(\"Net worth\")"}
COMMAND: POST /session/5eab562a-78ab-4559-83b0-7aeab71bebe6/element - {"using":"accessibility id","value":"Net worth"}
RESULT: {"using":"accessibility id","value":"Net worth"}
COMMAND: POST /session/5eab562a-78ab-4559-83b0-7aeab71bebe6/element - {"using":"accessibility id","value":"Net worth"}
RESULT: {"using":"accessibility id","value":"Net worth"}
COMMAND: POST /session/5eab562a-78ab-4559-83b0-7aeab71bebe6/element - {"using":"-android uiautomator","value":"new UiSelector().text(\"Net worth\")"}
RESULT: {"using":"-android uiautomator","value":"new UiSelector().text(\"Net worth\")"}
COMMAND: POST /session/5eab562a-78ab-4559-83b0-7aeab71bebe6/element - {"using":"-android uiautomator","value":"new UiSelector().text(\"Net worth\")"}
RESULT: {"using":"-android uiautomator","value":"new UiSelector().text(\"Net worth\")"}
COMMAND: POST /session/5eab562a-78ab-4559-83b0-7aeab71bebe6/element - {"using":"-android uiautomator","value":"new UiSelector().description(\"Net worth\")"}
RESULT: {"using":"-android uiautomator","value":"new UiSelector().description(\"Net worth\")"}
COMMAND: POST /session/5eab562a-78ab-4559-83b0-7aeab71bebe6/element - {"using":"-android uiautomator","value":"new UiSelector().description(\"Net worth\")"}
RESULT: {"using":"-android uiautomator","value":"new UiSelector().description(\"Net worth\")"}
COMMAND: POST /session/5eab562a-78ab-4559-83b0-7aeab71bebe6/element - {"using":"-android uiautomator","value":"new UiSelector().textContains(\"Net worth\")"}
RESULT: {"using":"-android uiautomator","value":"new UiSelector().textContains(\"Net worth\")"}
COMMAND: POST /session/5eab562a-78ab-4559-83b0-7aeab71bebe6/element - {"using":"-android uiautomator","value":"new UiSelector().textContains(\"Net worth\")"}
RESULT: {"using":"-android uiautomator","value":"new UiSelector().textContains(\"Net worth\")"}
COMMAND: POST /session/5eab562a-78ab-4559-83b0-7aeab71bebe6/element - {"using":"-android uiautomator","value":"new UiSelector().descriptionContains(\"Net worth\")"}
RESULT: {"using":"-android uiautomator","value":"new UiSelector().descriptionContains(\"Net worth\")"}
COMMAND: POST /session/5eab562a-78ab-4559-83b0-7aeab71bebe6/element - {"using":"-android uiautomator","value":"new UiSelector().descriptionContains(\"Net worth\")"}
RESULT: {"using":"-android uiautomator","value":"new UiSelector().descriptionContains(\"Net worth\")"}
COMMAND: POST /session/5eab562a-78ab-4559-83b0-7aeab71bebe6/element - {"using":"accessibility id","value":"Net worth"}
RESULT: {"using":"accessibility id","value":"Net worth"}
COMMAND: POST /session/5eab562a-78ab-4559-83b0-7aeab71bebe6/element - {"using":"accessibility id","value":"Net worth"}
RESULT: {"using":"accessibility id","value":"Net worth"}
COMMAND: POST /session/5eab562a-78ab-4559-83b0-7aeab71bebe6/element - {"using":"-android uiautomator","value":"new UiSelector().text(\"Net worth\")"}
RESULT: {"using":"-android uiautomator","value":"new UiSelector().text(\"Net worth\")"}
COMMAND: POST /session/5eab562a-78ab-4559-83b0-7aeab71bebe6/element - {"using":"-android uiautomator","value":"new UiSelector().text(\"Net worth\")"}
RESULT: {"using":"-android uiautomator","value":"new UiSelector().text(\"Net worth\")"}
COMMAND: POST /session/5eab562a-78ab-4559-83b0-7aeab71bebe6/element - {"using":"-android uiautomator","value":"new UiSelector().description(\"Net worth\")"}
RESULT: {"using":"-android uiautomator","value":"new UiSelector().description(\"Net worth\")"}
COMMAND: POST /session/5eab562a-78ab-4559-83b0-7aeab71bebe6/element - {"using":"-android uiautomator","value":"new UiSelector().description(\"Net worth\")"}
RESULT: {"using":"-android uiautomator","value":"new UiSelector().description(\"Net worth\")"}
COMMAND: POST /session/5eab562a-78ab-4559-83b0-7aeab71bebe6/element - {"using":"-android uiautomator","value":"new UiSelector().textContains(\"Net worth\")"}
RESULT: {"using":"-android uiautomator","value":"new UiSelector().textContains(\"Net worth\")"}
COMMAND: POST /session/5eab562a-78ab-4559-83b0-7aeab71bebe6/element - {"using":"-android uiautomator","value":"new UiSelector().textContains(\"Net worth\")"}
RESULT: {"using":"-android uiautomator","value":"new UiSelector().textContains(\"Net worth\")"}
COMMAND: POST /session/5eab562a-78ab-4559-83b0-7aeab71bebe6/element - {"using":"-android uiautomator","value":"new UiSelector().descriptionContains(\"Net worth\")"}
RESULT: {"using":"-android uiautomator","value":"new UiSelector().descriptionContains(\"Net worth\")"}
COMMAND: POST /session/5eab562a-78ab-4559-83b0-7aeab71bebe6/element - {"using":"-android uiautomator","value":"new UiSelector().descriptionContains(\"Net worth\")"}
RESULT: {"using":"-android uiautomator","value":"new UiSelector().descriptionContains(\"Net worth\")"}
COMMAND: POST /session/5eab562a-78ab-4559-83b0-7aeab71bebe6/element - {"using":"accessibility id","value":"Net worth"}
RESULT: {"using":"accessibility id","value":"Net worth"}
COMMAND: POST /session/5eab562a-78ab-4559-83b0-7aeab71bebe6/element - {"using":"accessibility id","value":"Net worth"}
RESULT: {"using":"accessibility id","value":"Net worth"}
COMMAND: POST /session/5eab562a-78ab-4559-83b0-7aeab71bebe6/element - {"using":"-android uiautomator","value":"new UiSelector().text(\"Net worth\")"}
RESULT: {"using":"-android uiautomator","value":"new UiSelector().text(\"Net worth\")"}
COMMAND: POST /session/5eab562a-78ab-4559-83b0-7aeab71bebe6/element - {"using":"-android uiautomator","value":"new UiSelector().text(\"Net worth\")"}
RESULT: {"using":"-android uiautomator","value":"new UiSelector().text(\"Net worth\")"}
COMMAND: POST /session/5eab562a-78ab-4559-83b0-7aeab71bebe6/element - {"using":"-android uiautomator","value":"new UiSelector().description(\"Net worth\")"}
RESULT: {"using":"-android uiautomator","value":"new UiSelector().description(\"Net worth\")"}
COMMAND: POST /session/5eab562a-78ab-4559-83b0-7aeab71bebe6/element - {"using":"-android uiautomator","value":"new UiSelector().description(\"Net worth\")"}
RESULT: {"using":"-android uiautomator","value":"new UiSelector().description(\"Net worth\")"}
COMMAND: POST /session/5eab562a-78ab-4559-83b0-7aeab71bebe6/element - {"using":"-android uiautomator","value":"new UiSelector().textContains(\"Net worth\")"}
RESULT: {"using":"-android uiautomator","value":"new UiSelector().textContains(\"Net worth\")"}
COMMAND: POST /session/5eab562a-78ab-4559-83b0-7aeab71bebe6/element - {"using":"-android uiautomator","value":"new UiSelector().textContains(\"Net worth\")"}
RESULT: {"using":"-android uiautomator","value":"new UiSelector().textContains(\"Net worth\")"}
COMMAND: POST /session/5eab562a-78ab-4559-83b0-7aeab71bebe6/element - {"using":"-android uiautomator","value":"new UiSelector().descriptionContains(\"Net worth\")"}
RESULT: {"using":"-android uiautomator","value":"new UiSelector().descriptionContains(\"Net worth\")"}
COMMAND: POST /session/5eab562a-78ab-4559-83b0-7aeab71bebe6/element - {"using":"-android uiautomator","value":"new UiSelector().descriptionContains(\"Net worth\")"}
RESULT: {"using":"-android uiautomator","value":"new UiSelector().descriptionContains(\"Net worth\")"}
COMMAND: POST /session/5eab562a-78ab-4559-83b0-7aeab71bebe6/element - {"using":"accessibility id","value":"Net worth"}
RESULT: {"using":"accessibility id","value":"Net worth"}
COMMAND: POST /session/5eab562a-78ab-4559-83b0-7aeab71bebe6/element - {"using":"accessibility id","value":"Net worth"}
RESULT: {"using":"accessibility id","value":"Net worth"}
COMMAND: POST /session/5eab562a-78ab-4559-83b0-7aeab71bebe6/element - {"using":"-android uiautomator","value":"new UiSelector().text(\"Net worth\")"}
RESULT: {"using":"-android uiautomator","value":"new UiSelector().text(\"Net worth\")"}
COMMAND: POST /session/5eab562a-78ab-4559-83b0-7aeab71bebe6/element - {"using":"-android uiautomator","value":"new UiSelector().text(\"Net worth\")"}
RESULT: {"using":"-android uiautomator","value":"new UiSelector().text(\"Net worth\")"}
COMMAND: POST /session/5eab562a-78ab-4559-83b0-7aeab71bebe6/element - {"using":"-android uiautomator","value":"new UiSelector().description(\"Net worth\")"}
RESULT: {"using":"-android uiautomator","value":"new UiSelector().description(\"Net worth\")"}
COMMAND: POST /session/5eab562a-78ab-4559-83b0-7aeab71bebe6/element - {"using":"-android uiautomator","value":"new UiSelector().description(\"Net worth\")"}
RESULT: {"using":"-android uiautomator","value":"new UiSelector().description(\"Net worth\")"}
COMMAND: POST /session/5eab562a-78ab-4559-83b0-7aeab71bebe6/element - {"using":"-android uiautomator","value":"new UiSelector().textContains(\"Net worth\")"}
RESULT: {"using":"-android uiautomator","value":"new UiSelector().textContains(\"Net worth\")"}
COMMAND: POST /session/5eab562a-78ab-4559-83b0-7aeab71bebe6/element - {"using":"-android uiautomator","value":"new UiSelector().textContains(\"Net worth\")"}
RESULT: {"using":"-android uiautomator","value":"new UiSelector().textContains(\"Net worth\")"}
COMMAND: POST /session/5eab562a-78ab-4559-83b0-7aeab71bebe6/element - {"using":"-android uiautomator","value":"new UiSelector().descriptionContains(\"Net worth\")"}
RESULT: {"using":"-android uiautomator","value":"new UiSelector().descriptionContains(\"Net worth\")"}
COMMAND: POST /session/5eab562a-78ab-4559-83b0-7aeab71bebe6/element - {"using":"-android uiautomator","value":"new UiSelector().descriptionContains(\"Net worth\")"}
RESULT: {"using":"-android uiautomator","value":"new UiSelector().descriptionContains(\"Net worth\")"}
COMMAND: POST /session/5eab562a-78ab-4559-83b0-7aeab71bebe6/element - {"using":"accessibility id","value":"Net worth"}
RESULT: {"using":"accessibility id","value":"Net worth"}
COMMAND: POST /session/5eab562a-78ab-4559-83b0-7aeab71bebe6/element - {"using":"accessibility id","value":"Net worth"}
RESULT: {"using":"accessibility id","value":"Net worth"}
COMMAND: POST /session/5eab562a-78ab-4559-83b0-7aeab71bebe6/element - {"using":"-android uiautomator","value":"new UiSelector().text(\"Net worth\")"}
RESULT: {"using":"-android uiautomator","value":"new UiSelector().text(\"Net worth\")"}
COMMAND: POST /session/5eab562a-78ab-4559-83b0-7aeab71bebe6/element - {"using":"-android uiautomator","value":"new UiSelector().text(\"Net worth\")"}
RESULT: {"using":"-android uiautomator","value":"new UiSelector().text(\"Net worth\")"}
COMMAND: POST /session/5eab562a-78ab-4559-83b0-7aeab71bebe6/element - {"using":"-android uiautomator","value":"new UiSelector().description(\"Net worth\")"}
RESULT: {"using":"-android uiautomator","value":"new UiSelector().description(\"Net worth\")"}
COMMAND: POST /session/5eab562a-78ab-4559-83b0-7aeab71bebe6/element - {"using":"-android uiautomator","value":"new UiSelector().description(\"Net worth\")"}
RESULT: {"using":"-android uiautomator","value":"new UiSelector().description(\"Net worth\")"}
COMMAND: POST /session/5eab562a-78ab-4559-83b0-7aeab71bebe6/element - {"using":"-android uiautomator","value":"new UiSelector().textContains(\"Net worth\")"}
RESULT: {"using":"-android uiautomator","value":"new UiSelector().textContains(\"Net worth\")"}
COMMAND: POST /session/5eab562a-78ab-4559-83b0-7aeab71bebe6/element - {"using":"-android uiautomator","value":"new UiSelector().textContains(\"Net worth\")"}
RESULT: {"using":"-android uiautomator","value":"new UiSelector().textContains(\"Net worth\")"}
COMMAND: POST /session/5eab562a-78ab-4559-83b0-7aeab71bebe6/element - {"using":"-android uiautomator","value":"new UiSelector().descriptionContains(\"Net worth\")"}
RESULT: {"using":"-android uiautomator","value":"new UiSelector().descriptionContains(\"Net worth\")"}
COMMAND: POST /session/5eab562a-78ab-4559-83b0-7aeab71bebe6/element - {"using":"-android uiautomator","value":"new UiSelector().descriptionContains(\"Net worth\")"}
RESULT: {"using":"-android uiautomator","value":"new UiSelector().descriptionContains(\"Net worth\")"}
COMMAND: POST /session/5eab562a-78ab-4559-83b0-7aeab71bebe6/element - {"using":"accessibility id","value":"Net worth"}
RESULT: {"using":"accessibility id","value":"Net worth"}
COMMAND: POST /session/5eab562a-78ab-4559-83b0-7aeab71bebe6/element - {"using":"accessibility id","value":"Net worth"}
RESULT: {"using":"accessibility id","value":"Net worth"}
COMMAND: POST /session/5eab562a-78ab-4559-83b0-7aeab71bebe6/element - {"using":"-android uiautomator","value":"new UiSelector().text(\"Net worth\")"}
RESULT: {"using":"-android uiautomator","value":"new UiSelector().text(\"Net worth\")"}
COMMAND: POST /session/5eab562a-78ab-4559-83b0-7aeab71bebe6/element - {"using":"-android uiautomator","value":"new UiSelector().text(\"Net worth\")"}
RESULT: {"using":"-android uiautomator","value":"new UiSelector().text(\"Net worth\")"}
COMMAND: POST /session/5eab562a-78ab-4559-83b0-7aeab71bebe6/element - {"using":"-android uiautomator","value":"new UiSelector().description(\"Net worth\")"}
RESULT: {"using":"-android uiautomator","value":"new UiSelector().description(\"Net worth\")"}
COMMAND: POST /session/5eab562a-78ab-4559-83b0-7aeab71bebe6/element - {"using":"-android uiautomator","value":"new UiSelector().description(\"Net worth\")"}
RESULT: {"using":"-android uiautomator","value":"new UiSelector().description(\"Net worth\")"}
COMMAND: POST /session/5eab562a-78ab-4559-83b0-7aeab71bebe6/element - {"using":"-android uiautomator","value":"new UiSelector().textContains(\"Net worth\")"}
RESULT: {"using":"-android uiautomator","value":"new UiSelector().textContains(\"Net worth\")"}
COMMAND: POST /session/5eab562a-78ab-4559-83b0-7aeab71bebe6/element - {"using":"-android uiautomator","value":"new UiSelector().textContains(\"Net worth\")"}
RESULT: {"using":"-android uiautomator","value":"new UiSelector().textContains(\"Net worth\")"}
COMMAND: POST /session/5eab562a-78ab-4559-83b0-7aeab71bebe6/element - {"using":"-android uiautomator","value":"new UiSelector().descriptionContains(\"Net worth\")"}
RESULT: {"using":"-android uiautomator","value":"new UiSelector().descriptionContains(\"Net worth\")"}
COMMAND: POST /session/5eab562a-78ab-4559-83b0-7aeab71bebe6/element - {"using":"-android uiautomator","value":"new UiSelector().descriptionContains(\"Net worth\")"}
RESULT: {"using":"-android uiautomator","value":"new UiSelector().descriptionContains(\"Net worth\")"}
COMMAND: POST /session/5eab562a-78ab-4559-83b0-7aeab71bebe6/element - {"using":"accessibility id","value":"Net worth"}
RESULT: {"using":"accessibility id","value":"Net worth"}
COMMAND: POST /session/5eab562a-78ab-4559-83b0-7aeab71bebe6/element - {"using":"accessibility id","value":"Net worth"}
RESULT: {"using":"accessibility id","value":"Net worth"}
COMMAND: POST /session/5eab562a-78ab-4559-83b0-7aeab71bebe6/element - {"using":"-android uiautomator","value":"new UiSelector().text(\"Rs\")"}
RESULT: {"using":"-android uiautomator","value":"new UiSelector().text(\"Rs\")"}
COMMAND: POST /session/5eab562a-78ab-4559-83b0-7aeab71bebe6/element - {"using":"-android uiautomator","value":"new UiSelector().text(\"Rs\")"}
RESULT: {"using":"-android uiautomator","value":"new UiSelector().text(\"Rs\")"}
COMMAND: POST /session/5eab562a-78ab-4559-83b0-7aeab71bebe6/element - {"using":"-android uiautomator","value":"new UiSelector().description(\"Rs\")"}
RESULT: {"using":"-android uiautomator","value":"new UiSelector().description(\"Rs\")"}
COMMAND: POST /session/5eab562a-78ab-4559-83b0-7aeab71bebe6/element - {"using":"-android uiautomator","value":"new UiSelector().description(\"Rs\")"}
RESULT: {"using":"-android uiautomator","value":"new UiSelector().description(\"Rs\")"}
COMMAND: POST /session/5eab562a-78ab-4559-83b0-7aeab71bebe6/element - {"using":"-android uiautomator","value":"new UiSelector().textContains(\"Rs\")"}
RESULT: {"using":"-android uiautomator","value":"new UiSelector().textContains(\"Rs\")"}
COMMAND: POST /session/5eab562a-78ab-4559-83b0-7aeab71bebe6/element - {"using":"-android uiautomator","value":"new UiSelector().textContains(\"Rs\")"}
RESULT: {"using":"-android uiautomator","value":"new UiSelector().textContains(\"Rs\")"}
COMMAND: POST /session/5eab562a-78ab-4559-83b0-7aeab71bebe6/element - {"using":"-android uiautomator","value":"new UiSelector().descriptionContains(\"Rs\")"}
RESULT: {"using":"-android uiautomator","value":"new UiSelector().descriptionContains(\"Rs\")"}
COMMAND: GET /session/5eab562a-78ab-4559-83b0-7aeab71bebe6/element/00000000-0000-028e-0000-019200000010/displayed - {}
RESULT: {}
COMMAND: GET /session/5eab562a-78ab-4559-83b0-7aeab71bebe6/screenshot - {}
RESULT: {}
COMMAND: DELETE /session/5eab562a-78ab-4559-83b0-7aeab71bebe6 - {}
RESULT: {}
]]></system-out>
    </testcase>
  </testsuite>
</testsuites>