<?xml version="1.0" encoding="UTF-8"?>
<testsuites tests="3" failures="0" errors="0" skipped="0">
  <testsuite name="TC07 Network Error Handling Tests" timestamp="2026-08-23T01:34:06" time="23.204" tests="3" failures="0" errors="0" skipped="0">
    <properties>
      <property name="specId" value="0"/>
      <property name="suiteName" value="TC07: Network &amp; Error Handling Tests"/>
      <property name="capabilities" value="android.emulator-5554"/>
      <property name="file" value="file:///Users/shenelimunasinghe/Documents/MSC%20IT%20/Mobile%20App/FinGenius%20/fingenius_ai/appium-tests/test/specs/07-network-error-handling.spec.ts"/>
    </properties>
    <testcase classname="android.emulator-5554.TC07:_Network_&amp;_Error_Handling_Tests" name="TC028 App should handle normal operation with internet" time="8.566">
      <system-out><![CDATA[
COMMAND: POST /session/a8ed0c02-871d-4de7-9939-1de599a49ac7/appium/device/activate_app - {"appId":"com.msc.fingenius"}
RESULT: {"appId":"com.msc.fingenius"}
COMMAND: POST /session/a8ed0c02-871d-4de7-9939-1de599a49ac7/element - {"using":"accessibility id","value":"Home"}
RESULT: {"using":"accessibility id","value":"Home"}
COMMAND: POST /session/a8ed0c02-871d-4de7-9939-1de599a49ac7/element - {"using":"accessibility id","value":"Home"}
RESULT: {"using":"accessibility id","value":"Home"}
COMMAND: POST /session/a8ed0c02-871d-4de7-9939-1de599a49ac7/element - {"using":"-android uiautomator","value":"new UiSelector().description(\"Home\")"}
RESULT: {"using":"-android uiautomator","value":"new UiSelector().description(\"Home\")"}
COMMAND: POST /session/a8ed0c02-871d-4de7-9939-1de599a49ac7/element - {"using":"-android uiautomator","value":"new UiSelector().description(\"Home\")"}
RESULT: {"using":"-android uiautomator","value":"new UiSelector().description(\"Home\")"}
COMMAND: POST /session/a8ed0c02-871d-4de7-9939-1de599a49ac7/element - {"using":"-android uiautomator","value":"new UiSelector().text(\"Home\")"}
RESULT: {"using":"-android uiautomator","value":"new UiSelector().text(\"Home\")"}
COMMAND: POST /session/a8ed0c02-871d-4de7-9939-1de599a49ac7/element - {"using":"-android uiautomator","value":"new UiSelector().text(\"Home\")"}
RESULT: {"using":"-android uiautomator","value":"new UiSelector().text(\"Home\")"}
COMMAND: POST /session/a8ed0c02-871d-4de7-9939-1de599a49ac7/element - {"using":"-android uiautomator","value":"new UiSelector().descriptionContains(\"Home\")"}
RESULT: {"using":"-android uiautomator","value":"new UiSelector().descriptionContains(\"Home\")"}
COMMAND: GET /session/a8ed0c02-871d-4de7-9939-1de599a49ac7/element/00000000-0000-02ea-0000-016100000016/displayed - {}
RESULT: {}
COMMAND: POST /session/a8ed0c02-871d-4de7-9939-1de599a49ac7/element/00000000-0000-02ea-0000-016100000016/click - {}
RESULT: {}
COMMAND: POST /session/a8ed0c02-871d-4de7-9939-1de599a49ac7/element - {"using":"-android uiautomator","value":"new UiSelector().text(\"Can't reach\")"}
RESULT: {"using":"-android uiautomator","value":"new UiSelector().text(\"Can't reach\")"}
COMMAND: POST /session/a8ed0c02-871d-4de7-9939-1de599a49ac7/element - {"using":"-android uiautomator","value":"new UiSelector().text(\"Can't reach\")"}
RESULT: {"using":"-android uiautomator","value":"new UiSelector().text(\"Can't reach\")"}
COMMAND: POST /session/a8ed0c02-871d-4de7-9939-1de599a49ac7/element - {"using":"-android uiautomator","value":"new UiSelector().description(\"Can't reach\")"}
RESULT: {"using":"-android uiautomator","value":"new UiSelector().description(\"Can't reach\")"}
COMMAND: POST /session/a8ed0c02-871d-4de7-9939-1de599a49ac7/element - {"using":"-android uiautomator","value":"new UiSelector().description(\"Can't reach\")"}
RESULT: {"using":"-android uiautomator","value":"new UiSelector().description(\"Can't reach\")"}
COMMAND: POST /session/a8ed0c02-871d-4de7-9939-1de599a49ac7/element - {"using":"-android uiautomator","value":"new UiSelector().textContains(\"Can't reach\")"}
RESULT: {"using":"-android uiautomator","value":"new UiSelector().textContains(\"Can't reach\")"}
COMMAND: POST /session/a8ed0c02-871d-4de7-9939-1de599a49ac7/element - {"using":"-android uiautomator","value":"new UiSelector().textContains(\"Can't reach\")"}
RESULT: {"using":"-android uiautomator","value":"new UiSelector().textContains(\"Can't reach\")"}
COMMAND: POST /session/a8ed0c02-871d-4de7-9939-1de599a49ac7/element - {"using":"-android uiautomator","value":"new UiSelector().descriptionContains(\"Can't reach\")"}
RESULT: {"using":"-android uiautomator","value":"new UiSelector().descriptionContains(\"Can't reach\")"}
COMMAND: POST /session/a8ed0c02-871d-4de7-9939-1de599a49ac7/element - {"using":"-android uiautomator","value":"new UiSelector().descriptionContains(\"Can't reach\")"}
RESULT: {"using":"-android uiautomator","value":"new UiSelector().descriptionContains(\"Can't reach\")"}
COMMAND: POST /session/a8ed0c02-871d-4de7-9939-1de599a49ac7/element - {"using":"accessibility id","value":"Can't reach"}
RESULT: {"using":"accessibility id","value":"Can't reach"}
COMMAND: POST /session/a8ed0c02-871d-4de7-9939-1de599a49ac7/element - {"using":"accessibility id","value":"Can't reach"}
RESULT: {"using":"accessibility id","value":"Can't reach"}
COMMAND: POST /session/a8ed0c02-871d-4de7-9939-1de599a49ac7/element - {"using":"-android uiautomator","value":"new UiSelector().text(\"Can't reach\")"}
RESULT: {"using":"-android uiautomator","value":"new UiSelector().text(\"Can't reach\")"}
COMMAND: POST /session/a8ed0c02-871d-4de7-9939-1de599a49ac7/element - {"using":"-android uiautomator","value":"new UiSelector().text(\"Can't reach\")"}
RESULT: {"using":"-android uiautomator","value":"new UiSelector().text(\"Can't reach\")"}
COMMAND: POST /session/a8ed0c02-871d-4de7-9939-1de599a49ac7/element - {"using":"-android uiautomator","value":"new UiSelector().description(\"Can't reach\")"}
RESULT: {"using":"-android uiautomator","value":"new UiSelector().description(\"Can't reach\")"}
COMMAND: POST /session/a8ed0c02-871d-4de7-9939-1de599a49ac7/element - {"using":"-android uiautomator","value":"new UiSelector().description(\"Can't reach\")"}
RESULT: {"using":"-android uiautomator","value":"new UiSelector().description(\"Can't reach\")"}
COMMAND: POST /session/a8ed0c02-871d-4de7-9939-1de599a49ac7/element - {"using":"-android uiautomator","value":"new UiSelector().textContains(\"Can't reach\")"}
RESULT: {"using":"-android uiautomator","value":"new UiSelector().textContains(\"Can't reach\")"}
COMMAND: POST /session/a8ed0c02-871d-4de7-9939-1de599a49ac7/element - {"using":"-android uiautomator","value":"new UiSelector().textContains(\"Can't reach\")"}
RESULT: {"using":"-android uiautomator","value":"new UiSelector().textContains(\"Can't reach\")"}
COMMAND: POST /session/a8ed0c02-871d-4de7-9939-1de599a49ac7/element - {"using":"-android uiautomator","value":"new UiSelector().descriptionContains(\"Can't reach\")"}
RESULT: {"using":"-android uiautomator","value":"new UiSelector().descriptionContains(\"Can't reach\")"}
COMMAND: POST /session/a8ed0c02-871d-4de7-9939-1de599a49ac7/element - {"using":"-android uiautomator","value":"new UiSelector().descriptionContains(\"Can't reach\")"}
RESULT: {"using":"-android uiautomator","value":"new UiSelector().descriptionContains(\"Can't reach\")"}
COMMAND: POST /session/a8ed0c02-871d-4de7-9939-1de599a49ac7/element - {"using":"accessibility id","value":"Can't reach"}
RESULT: {"using":"accessibility id","value":"Can't reach"}
COMMAND: POST /session/a8ed0c02-871d-4de7-9939-1de599a49ac7/element - {"using":"accessibility id","value":"Can't reach"}
RESULT: {"using":"accessibility id","value":"Can't reach"}
COMMAND: POST /session/a8ed0c02-871d-4de7-9939-1de599a49ac7/element - {"using":"-android uiautomator","value":"new UiSelector().text(\"Can't reach\")"}
RESULT: {"using":"-android uiautomator","value":"new UiSelector().text(\"Can't reach\")"}
COMMAND: POST /session/a8ed0c02-871d-4de7-9939-1de599a49ac7/element - {"using":"-android uiautomator","value":"new UiSelector().text(\"Can't reach\")"}
RESULT: {"using":"-android uiautomator","value":"new UiSelector().text(\"Can't reach\")"}
COMMAND: POST /session/a8ed0c02-871d-4de7-9939-1de599a49ac7/element - {"using":"-android uiautomator","value":"new UiSelector().description(\"Can't reach\")"}
RESULT: {"using":"-android uiautomator","value":"new UiSelector().description(\"Can't reach\")"}
COMMAND: POST /session/a8ed0c02-871d-4de7-9939-1de599a49ac7/element - {"using":"-android uiautomator","value":"new UiSelector().description(\"Can't reach\")"}
RESULT: {"using":"-android uiautomator","value":"new UiSelector().description(\"Can't reach\")"}
COMMAND: POST /session/a8ed0c02-871d-4de7-9939-1de599a49ac7/element - {"using":"-android uiautomator","value":"new UiSelector().textContains(\"Can't reach\")"}
RESULT: {"using":"-android uiautomator","value":"new UiSelector().textContains(\"Can't reach\")"}
COMMAND: POST /session/a8ed0c02-871d-4de7-9939-1de599a49ac7/element - {"using":"-android uiautomator","value":"new UiSelector().textContains(\"Can't reach\")"}
RESULT: {"using":"-android uiautomator","value":"new UiSelector().textContains(\"Can't reach\")"}
COMMAND: POST /session/a8ed0c02-871d-4de7-9939-1de599a49ac7/element - {"using":"-android uiautomator","value":"new UiSelector().descriptionContains(\"Can't reach\")"}
RESULT: {"using":"-android uiautomator","value":"new UiSelector().descriptionContains(\"Can't reach\")"}
COMMAND: POST /session/a8ed0c02-871d-4de7-9939-1de599a49ac7/element - {"using":"-android uiautomator","value":"new UiSelector().descriptionContains(\"Can't reach\")"}
RESULT: {"using":"-android uiautomator","value":"new UiSelector().descriptionContains(\"Can't reach\")"}
COMMAND: POST /session/a8ed0c02-871d-4de7-9939-1de599a49ac7/element - {"using":"accessibility id","value":"Can't reach"}
RESULT: {"using":"accessibility id","value":"Can't reach"}
COMMAND: POST /session/a8ed0c02-871d-4de7-9939-1de599a49ac7/element - {"using":"accessibility id","value":"Can't reach"}
RESULT: {"using":"accessibility id","value":"Can't reach"}
COMMAND: POST /session/a8ed0c02-871d-4de7-9939-1de599a49ac7/element - {"using":"-android uiautomator","value":"new UiSelector().text(\"Can't reach\")"}
RESULT: {"using":"-android uiautomator","value":"new UiSelector().text(\"Can't reach\")"}
COMMAND: POST /session/a8ed0c02-871d-4de7-9939-1de599a49ac7/element - {"using":"-android uiautomator","value":"new UiSelector().text(\"Can't reach\")"}
RESULT: {"using":"-android uiautomator","value":"new UiSelector().text(\"Can't reach\")"}
COMMAND: POST /session/a8ed0c02-871d-4de7-9939-1de599a49ac7/element - {"using":"-android uiautomator","value":"new UiSelector().description(\"Can't reach\")"}
RESULT: {"using":"-android uiautomator","value":"new UiSelector().description(\"Can't reach\")"}
COMMAND: POST /session/a8ed0c02-871d-4de7-9939-1de599a49ac7/element - {"using":"-android uiautomator","value":"new UiSelector().description(\"Can't reach\")"}
RESULT: {"using":"-android uiautomator","value":"new UiSelector().description(\"Can't reach\")"}
COMMAND: POST /session/a8ed0c02-871d-4de7-9939-1de599a49ac7/element - {"using":"-android uiautomator","value":"new UiSelector().textContains(\"Can't reach\")"}
RESULT: {"using":"-android uiautomator","value":"new UiSelector().textContains(\"Can't reach\")"}
COMMAND: POST /session/a8ed0c02-871d-4de7-9939-1de599a49ac7/element - {"using":"-android uiautomator","value":"new UiSelector().textContains(\"Can't reach\")"}
RESULT: {"using":"-android uiautomator","value":"new UiSelector().textContains(\"Can't reach\")"}
COMMAND: POST /session/a8ed0c02-871d-4de7-9939-1de599a49ac7/element - {"using":"-android uiautomator","value":"new UiSelector().descriptionContains(\"Can't reach\")"}
RESULT: {"using":"-android uiautomator","value":"new UiSelector().descriptionContains(\"Can't reach\")"}
COMMAND: POST /session/a8ed0c02-871d-4de7-9939-1de599a49ac7/element - {"using":"-android uiautomator","value":"new UiSelector().descriptionContains(\"Can't reach\")"}
RESULT: {"using":"-android uiautomator","value":"new UiSelector().descriptionContains(\"Can't reach\")"}
COMMAND: POST /session/a8ed0c02-871d-4de7-9939-1de599a49ac7/element - {"using":"accessibility id","value":"Can't reach"}
RESULT: {"using":"accessibility id","value":"Can't reach"}
COMMAND: POST /session/a8ed0c02-871d-4de7-9939-1de599a49ac7/element - {"using":"accessibility id","value":"Can't reach"}
RESULT: {"using":"accessibility id","value":"Can't reach"}
COMMAND: POST /session/a8ed0c02-871d-4de7-9939-1de599a49ac7/element - {"using":"-android uiautomator","value":"new UiSelector().text(\"Offline\")"}
RESULT: {"using":"-android uiautomator","value":"new UiSelector().text(\"Offline\")"}
COMMAND: POST /session/a8ed0c02-871d-4de7-9939-1de599a49ac7/element - {"using":"-android uiautomator","value":"new UiSelector().text(\"Offline\")"}
RESULT: {"using":"-android uiautomator","value":"new UiSelector().text(\"Offline\")"}
COMMAND: POST /session/a8ed0c02-871d-4de7-9939-1de599a49ac7/element - {"using":"-android uiautomator","value":"new UiSelector().description(\"Offline\")"}
RESULT: {"using":"-android uiautomator","value":"new UiSelector().description(\"Offline\")"}
COMMAND: POST /session/a8ed0c02-871d-4de7-9939-1de599a49ac7/element - {"using":"-android uiautomator","value":"new UiSelector().description(\"Offline\")"}
RESULT: {"using":"-android uiautomator","value":"new UiSelector().description(\"Offline\")"}
COMMAND: POST /session/a8ed0c02-871d-4de7-9939-1de599a49ac7/element - {"using":"-android uiautomator","value":"new UiSelector().textContains(\"Offline\")"}
RESULT: {"using":"-android uiautomator","value":"new UiSelector().textContains(\"Offline\")"}
COMMAND: POST /session/a8ed0c02-871d-4de7-9939-1de599a49ac7/element - {"using":"-android uiautomator","value":"new UiSelector().textContains(\"Offline\")"}
RESULT: {"using":"-android uiautomator","value":"new UiSelector().textContains(\"Offline\")"}
COMMAND: POST /session/a8ed0c02-871d-4de7-9939-1de599a49ac7/element - {"using":"-android uiautomator","value":"new UiSelector().descriptionContains(\"Offline\")"}
RESULT: {"using":"-android uiautomator","value":"new UiSelector().descriptionContains(\"Offline\")"}
COMMAND: POST /session/a8ed0c02-871d-4de7-9939-1de599a49ac7/element - {"using":"-android uiautomator","value":"new UiSelector().descriptionContains(\"Offline\")"}
RESULT: {"using":"-android uiautomator","value":"new UiSelector().descriptionContains(\"Offline\")"}
COMMAND: POST /session/a8ed0c02-871d-4de7-9939-1de599a49ac7/element - {"using":"accessibility id","value":"Offline"}
RESULT: {"using":"accessibility id","value":"Offline"}
COMMAND: POST /session/a8ed0c02-871d-4de7-9939-1de599a49ac7/element - {"using":"accessibility id","value":"Offline"}
RESULT: {"using":"accessibility id","value":"Offline"}
COMMAND: POST /session/a8ed0c02-871d-4de7-9939-1de599a49ac7/element - {"using":"-android uiautomator","value":"new UiSelector().text(\"Offline\")"}
RESULT: {"using":"-android uiautomator","value":"new UiSelector().text(\"Offline\")"}
COMMAND: POST /session/a8ed0c02-871d-4de7-9939-1de599a49ac7/element - {"using":"-android uiautomator","value":"new UiSelector().text(\"Offline\")"}
RESULT: {"using":"-android uiautomator","value":"new UiSelector().text(\"Offline\")"}
COMMAND: POST /session/a8ed0c02-871d-4de7-9939-1de599a49ac7/element - {"using":"-android uiautomator","value":"new UiSelector().description(\"Offline\")"}
RESULT: {"using":"-android uiautomator","value":"new UiSelector().description(\"Offline\")"}
COMMAND: POST /session/a8ed0c02-871d-4de7-9939-1de599a49ac7/element - {"using":"-android uiautomator","value":"new UiSelector().description(\"Offline\")"}
RESULT: {"using":"-android uiautomator","value":"new UiSelector().description(\"Offline\")"}
COMMAND: POST /session/a8ed0c02-871d-4de7-9939-1de599a49ac7/element - {"using":"-android uiautomator","value":"new UiSelector().textContains(\"Offline\")"}
RESULT: {"using":"-android uiautomator","value":"new UiSelector().textContains(\"Offline\")"}
COMMAND: POST /session/a8ed0c02-871d-4de7-9939-1de599a49ac7/element - {"using":"-android uiautomator","value":"new UiSelector().textContains(\"Offline\")"}
RESULT: {"using":"-android uiautomator","value":"new UiSelector().textContains(\"Offline\")"}
COMMAND: POST /session/a8ed0c02-871d-4de7-9939-1de599a49ac7/element - {"using":"-android uiautomator","value":"new UiSelector().descriptionContains(\"Offline\")"}
RESULT: {"using":"-android uiautomator","value":"new UiSelector().descriptionContains(\"Offline\")"}
COMMAND: POST /session/a8ed0c02-871d-4de7-9939-1de599a49ac7/element - {"using":"-android uiautomator","value":"new UiSelector().descriptionContains(\"Offline\")"}
RESULT: {"using":"-android uiautomator","value":"new UiSelector().descriptionContains(\"Offline\")"}
COMMAND: POST /session/a8ed0c02-871d-4de7-9939-1de599a49ac7/element - {"using":"accessibility id","value":"Offline"}
RESULT: {"using":"accessibility id","value":"Offline"}
COMMAND: POST /session/a8ed0c02-871d-4de7-9939-1de599a49ac7/element - {"using":"accessibility id","value":"Offline"}
RESULT: {"using":"accessibility id","value":"Offline"}
COMMAND: POST /session/a8ed0c02-871d-4de7-9939-1de599a49ac7/element - {"using":"-android uiautomator","value":"new UiSelector().text(\"Offline\")"}
RESULT: {"using":"-android uiautomator","value":"new UiSelector().text(\"Offline\")"}
COMMAND: POST /session/a8ed0c02-871d-4de7-9939-1de599a49ac7/element - {"using":"-android uiautomator","value":"new UiSelector().text(\"Offline\")"}
RESULT: {"using":"-android uiautomator","value":"new UiSelector().text(\"Offline\")"}
COMMAND: POST /session/a8ed0c02-871d-4de7-9939-1de599a49ac7/element - {"using":"-android uiautomator","value":"new UiSelector().description(\"Offline\")"}
RESULT: {"using":"-android uiautomator","value":"new UiSelector().description(\"Offline\")"}
COMMAND: POST /session/a8ed0c02-871d-4de7-9939-1de599a49ac7/element - {"using":"-android uiautomator","value":"new UiSelector().description(\"Offline\")"}
RESULT: {"using":"-android uiautomator","value":"new UiSelector().description(\"Offline\")"}
COMMAND: POST /session/a8ed0c02-871d-4de7-9939-1de599a49ac7/element - {"using":"-android uiautomator","value":"new UiSelector().textContains(\"Offline\")"}
RESULT: {"using":"-android uiautomator","value":"new UiSelector().textContains(\"Offline\")"}
COMMAND: POST /session/a8ed0c02-871d-4de7-9939-1de599a49ac7/element - {"using":"-android uiautomator","value":"new UiSelector().textContains(\"Offline\")"}
RESULT: {"using":"-android uiautomator","value":"new UiSelector().textContains(\"Offline\")"}
COMMAND: POST /session/a8ed0c02-871d-4de7-9939-1de599a49ac7/element - {"using":"-android uiautomator","value":"new UiSelector().descriptionContains(\"Offline\")"}
RESULT: {"using":"-android uiautomator","value":"new UiSelector().descriptionContains(\"Offline\")"}
COMMAND: POST /session/a8ed0c02-871d-4de7-9939-1de599a49ac7/element - {"using":"-android uiautomator","value":"new UiSelector().descriptionContains(\"Offline\")"}
RESULT: {"using":"-android uiautomator","value":"new UiSelector().descriptionContains(\"Offline\")"}
COMMAND: POST /session/a8ed0c02-871d-4de7-9939-1de599a49ac7/element - {"using":"accessibility id","value":"Offline"}
RESULT: {"using":"accessibility id","value":"Offline"}
COMMAND: POST /session/a8ed0c02-871d-4de7-9939-1de599a49ac7/element - {"using":"accessibility id","value":"Offline"}
RESULT: {"using":"accessibility id","value":"Offline"}
COMMAND: POST /session/a8ed0c02-871d-4de7-9939-1de599a49ac7/element - {"using":"-android uiautomator","value":"new UiSelector().text(\"Offline\")"}
RESULT: {"using":"-android uiautomator","value":"new UiSelector().text(\"Offline\")"}
COMMAND: POST /session/a8ed0c02-871d-4de7-9939-1de599a49ac7/element - {"using":"-android uiautomator","value":"new UiSelector().text(\"Offline\")"}
RESULT: {"using":"-android uiautomator","value":"new UiSelector().text(\"Offline\")"}
COMMAND: POST /session/a8ed0c02-871d-4de7-9939-1de599a49ac7/element - {"using":"-android uiautomator","value":"new UiSelector().description(\"Offline\")"}
RESULT: {"using":"-android uiautomator","value":"new UiSelector().description(\"Offline\")"}
COMMAND: POST /session/a8ed0c02-871d-4de7-9939-1de599a49ac7/element - {"using":"-android uiautomator","value":"new UiSelector().description(\"Offline\")"}
RESULT: {"using":"-android uiautomator","value":"new UiSelector().description(\"Offline\")"}
COMMAND: POST /session/a8ed0c02-871d-4de7-9939-1de599a49ac7/element - {"using":"-android uiautomator","value":"new UiSelector().textContains(\"Offline\")"}
RESULT: {"using":"-android uiautomator","value":"new UiSelector().textContains(\"Offline\")"}
COMMAND: POST /session/a8ed0c02-871d-4de7-9939-1de599a49ac7/element - {"using":"-android uiautomator","value":"new UiSelector().textContains(\"Offline\")"}
RESULT: {"using":"-android uiautomator","value":"new UiSelector().textContains(\"Offline\")"}
COMMAND: POST /session/a8ed0c02-871d-4de7-9939-1de599a49ac7/element - {"using":"-android uiautomator","value":"new UiSelector().descriptionContains(\"Offline\")"}
RESULT: {"using":"-android uiautomator","value":"new UiSelector().descriptionContains(\"Offline\")"}
COMMAND: POST /session/a8ed0c02-871d-4de7-9939-1de599a49ac7/element - {"using":"-android uiautomator","value":"new UiSelector().descriptionContains(\"Offline\")"}
RESULT: {"using":"-android uiautomator","value":"new UiSelector().descriptionContains(\"Offline\")"}
COMMAND: POST /session/a8ed0c02-871d-4de7-9939-1de599a49ac7/element - {"using":"accessibility id","value":"Offline"}
RESULT: {"using":"accessibility id","value":"Offline"}
COMMAND: POST /session/a8ed0c02-871d-4de7-9939-1de599a49ac7/element - {"using":"accessibility id","value":"Offline"}
RESULT: {"using":"accessibility id","value":"Offline"}
COMMAND: GET /session/a8ed0c02-871d-4de7-9939-1de599a49ac7/screenshot - {}
RESULT: {}
]]></system-out>
    </testcase>
    <testcase classname="android.emulator-5554.TC07:_Network_&amp;_Error_Handling_Tests" name="TC029 Data should load without errors on Activity screen" time="6.278">
      <system-out><![CDATA[
COMMAND: POST /session/a8ed0c02-871d-4de7-9939-1de599a49ac7/appium/device/activate_app - {"appId":"com.msc.fingenius"}
RESULT: {"appId":"com.msc.fingenius"}
COMMAND: POST /session/a8ed0c02-871d-4de7-9939-1de599a49ac7/element - {"using":"accessibility id","value":"Activity"}
RESULT: {"using":"accessibility id","value":"Activity"}
COMMAND: POST /session/a8ed0c02-871d-4de7-9939-1de599a49ac7/element - {"using":"accessibility id","value":"Activity"}
RESULT: {"using":"accessibility id","value":"Activity"}
COMMAND: POST /session/a8ed0c02-871d-4de7-9939-1de599a49ac7/element - {"using":"-android uiautomator","value":"new UiSelector().description(\"Activity\")"}
RESULT: {"using":"-android uiautomator","value":"new UiSelector().description(\"Activity\")"}
COMMAND: POST /session/a8ed0c02-871d-4de7-9939-1de599a49ac7/element - {"using":"-android uiautomator","value":"new UiSelector().description(\"Activity\")"}
RESULT: {"using":"-android uiautomator","value":"new UiSelector().description(\"Activity\")"}
COMMAND: POST /session/a8ed0c02-871d-4de7-9939-1de599a49ac7/element - {"using":"-android uiautomator","value":"new UiSelector().text(\"Activity\")"}
RESULT: {"using":"-android uiautomator","value":"new UiSelector().text(\"Activity\")"}
COMMAND: POST /session/a8ed0c02-871d-4de7-9939-1de599a49ac7/element - {"using":"-android uiautomator","value":"new UiSelector().text(\"Activity\")"}
RESULT: {"using":"-android uiautomator","value":"new UiSelector().text(\"Activity\")"}
COMMAND: POST /session/a8ed0c02-871d-4de7-9939-1de599a49ac7/element - {"using":"-android uiautomator","value":"new UiSelector().descriptionContains(\"Activity\")"}
RESULT: {"using":"-android uiautomator","value":"new UiSelector().descriptionContains(\"Activity\")"}
COMMAND: GET /session/a8ed0c02-871d-4de7-9939-1de599a49ac7/element/00000000-0000-02ea-0000-016200000016/displayed - {}
RESULT: {}
COMMAND: POST /session/a8ed0c02-871d-4de7-9939-1de599a49ac7/element/00000000-0000-02ea-0000-016200000016/click - {}
RESULT: {}
COMMAND: POST /session/a8ed0c02-871d-4de7-9939-1de599a49ac7/element - {"using":"-android uiautomator","value":"new UiSelector().text(\"Error\")"}
RESULT: {"using":"-android uiautomator","value":"new UiSelector().text(\"Error\")"}
COMMAND: POST /session/a8ed0c02-871d-4de7-9939-1de599a49ac7/element - {"using":"-android uiautomator","value":"new UiSelector().text(\"Error\")"}
RESULT: {"using":"-android uiautomator","value":"new UiSelector().text(\"Error\")"}
COMMAND: POST /session/a8ed0c02-871d-4de7-9939-1de599a49ac7/element - {"using":"-android uiautomator","value":"new UiSelector().description(\"Error\")"}
RESULT: {"using":"-android uiautomator","value":"new UiSelector().description(\"Error\")"}
COMMAND: POST /session/a8ed0c02-871d-4de7-9939-1de599a49ac7/element - {"using":"-android uiautomator","value":"new UiSelector().description(\"Error\")"}
RESULT: {"using":"-android uiautomator","value":"new UiSelector().description(\"Error\")"}
COMMAND: POST /session/a8ed0c02-871d-4de7-9939-1de599a49ac7/element - {"using":"-android uiautomator","value":"new UiSelector().textContains(\"Error\")"}
RESULT: {"using":"-android uiautomator","value":"new UiSelector().textContains(\"Error\")"}
COMMAND: POST /session/a8ed0c02-871d-4de7-9939-1de599a49ac7/element - {"using":"-android uiautomator","value":"new UiSelector().textContains(\"Error\")"}
RESULT: {"using":"-android uiautomator","value":"new UiSelector().textContains(\"Error\")"}
COMMAND: POST /session/a8ed0c02-871d-4de7-9939-1de599a49ac7/element - {"using":"-android uiautomator","value":"new UiSelector().descriptionContains(\"Error\")"}
RESULT: {"using":"-android uiautomator","value":"new UiSelector().descriptionContains(\"Error\")"}
COMMAND: POST /session/a8ed0c02-871d-4de7-9939-1de599a49ac7/element - {"using":"-android uiautomator","value":"new UiSelector().descriptionContains(\"Error\")"}
RESULT: {"using":"-android uiautomator","value":"new UiSelector().descriptionContains(\"Error\")"}
COMMAND: POST /session/a8ed0c02-871d-4de7-9939-1de599a49ac7/element - {"using":"accessibility id","value":"Error"}
RESULT: {"using":"accessibility id","value":"Error"}
COMMAND: POST /session/a8ed0c02-871d-4de7-9939-1de599a49ac7/element - {"using":"accessibility id","value":"Error"}
RESULT: {"using":"accessibility id","value":"Error"}
COMMAND: POST /session/a8ed0c02-871d-4de7-9939-1de599a49ac7/element - {"using":"-android uiautomator","value":"new UiSelector().text(\"Error\")"}
RESULT: {"using":"-android uiautomator","value":"new UiSelector().text(\"Error\")"}
COMMAND: POST /session/a8ed0c02-871d-4de7-9939-1de599a49ac7/element - {"using":"-android uiautomator","value":"new UiSelector().text(\"Error\")"}
RESULT: {"using":"-android uiautomator","value":"new UiSelector().text(\"Error\")"}
COMMAND: POST /session/a8ed0c02-871d-4de7-9939-1de599a49ac7/element - {"using":"-android uiautomator","value":"new UiSelector().description(\"Error\")"}
RESULT: {"using":"-android uiautomator","value":"new UiSelector().description(\"Error\")"}
COMMAND: POST /session/a8ed0c02-871d-4de7-9939-1de599a49ac7/element - {"using":"-android uiautomator","value":"new UiSelector().description(\"Error\")"}
RESULT: {"using":"-android uiautomator","value":"new UiSelector().description(\"Error\")"}
COMMAND: POST /session/a8ed0c02-871d-4de7-9939-1de599a49ac7/element - {"using":"-android uiautomator","value":"new UiSelector().textContains(\"Error\")"}
RESULT: {"using":"-android uiautomator","value":"new UiSelector().textContains(\"Error\")"}
COMMAND: POST /session/a8ed0c02-871d-4de7-9939-1de599a49ac7/element - {"using":"-android uiautomator","value":"new UiSelector().textContains(\"Error\")"}
RESULT: {"using":"-android uiautomator","value":"new UiSelector().textContains(\"Error\")"}
COMMAND: POST /session/a8ed0c02-871d-4de7-9939-1de599a49ac7/element - {"using":"-android uiautomator","value":"new UiSelector().descriptionContains(\"Error\")"}
RESULT: {"using":"-android uiautomator","value":"new UiSelector().descriptionContains(\"Error\")"}
COMMAND: POST /session/a8ed0c02-871d-4de7-9939-1de599a49ac7/element - {"using":"-android uiautomator","value":"new UiSelector().descriptionContains(\"Error\")"}
RESULT: {"using":"-android uiautomator","value":"new UiSelector().descriptionContains(\"Error\")"}
COMMAND: POST /session/a8ed0c02-871d-4de7-9939-1de599a49ac7/element - {"using":"accessibility id","value":"Error"}
RESULT: {"using":"accessibility id","value":"Error"}
COMMAND: POST /session/a8ed0c02-871d-4de7-9939-1de599a49ac7/element - {"using":"accessibility id","value":"Error"}
RESULT: {"using":"accessibility id","value":"Error"}
COMMAND: POST /session/a8ed0c02-871d-4de7-9939-1de599a49ac7/element - {"using":"-android uiautomator","value":"new UiSelector().text(\"Error\")"}
RESULT: {"using":"-android uiautomator","value":"new UiSelector().text(\"Error\")"}
COMMAND: POST /session/a8ed0c02-871d-4de7-9939-1de599a49ac7/element - {"using":"-android uiautomator","value":"new UiSelector().text(\"Error\")"}
RESULT: {"using":"-android uiautomator","value":"new UiSelector().text(\"Error\")"}
COMMAND: POST /session/a8ed0c02-871d-4de7-9939-1de599a49ac7/element - {"using":"-android uiautomator","value":"new UiSelector().description(\"Error\")"}
RESULT: {"using":"-android uiautomator","value":"new UiSelector().description(\"Error\")"}
COMMAND: POST /session/a8ed0c02-871d-4de7-9939-1de599a49ac7/element - {"using":"-android uiautomator","value":"new UiSelector().description(\"Error\")"}
RESULT: {"using":"-android uiautomator","value":"new UiSelector().description(\"Error\")"}
COMMAND: POST /session/a8ed0c02-871d-4de7-9939-1de599a49ac7/element - {"using":"-android uiautomator","value":"new UiSelector().textContains(\"Error\")"}
RESULT: {"using":"-android uiautomator","value":"new UiSelector().textContains(\"Error\")"}
COMMAND: POST /session/a8ed0c02-871d-4de7-9939-1de599a49ac7/element - {"using":"-android uiautomator","value":"new UiSelector().textContains(\"Error\")"}
RESULT: {"using":"-android uiautomator","value":"new UiSelector().textContains(\"Error\")"}
COMMAND: POST /session/a8ed0c02-871d-4de7-9939-1de599a49ac7/element - {"using":"-android uiautomator","value":"new UiSelector().descriptionContains(\"Error\")"}
RESULT: {"using":"-android uiautomator","value":"new UiSelector().descriptionContains(\"Error\")"}
COMMAND: POST /session/a8ed0c02-871d-4de7-9939-1de599a49ac7/element - {"using":"-android uiautomator","value":"new UiSelector().descriptionContains(\"Error\")"}
RESULT: {"using":"-android uiautomator","value":"new UiSelector().descriptionContains(\"Error\")"}
COMMAND: POST /session/a8ed0c02-871d-4de7-9939-1de599a49ac7/element - {"using":"accessibility id","value":"Error"}
RESULT: {"using":"accessibility id","value":"Error"}
COMMAND: POST /session/a8ed0c02-871d-4de7-9939-1de599a49ac7/element - {"using":"accessibility id","value":"Error"}
RESULT: {"using":"accessibility id","value":"Error"}
COMMAND: POST /session/a8ed0c02-871d-4de7-9939-1de599a49ac7/element - {"using":"-android uiautomator","value":"new UiSelector().text(\"Error\")"}
RESULT: {"using":"-android uiautomator","value":"new UiSelector().text(\"Error\")"}
COMMAND: POST /session/a8ed0c02-871d-4de7-9939-1de599a49ac7/element - {"using":"-android uiautomator","value":"new UiSelector().text(\"Error\")"}
RESULT: {"using":"-android uiautomator","value":"new UiSelector().text(\"Error\")"}
COMMAND: POST /session/a8ed0c02-871d-4de7-9939-1de599a49ac7/element - {"using":"-android uiautomator","value":"new UiSelector().description(\"Error\")"}
RESULT: {"using":"-android uiautomator","value":"new UiSelector().description(\"Error\")"}
COMMAND: POST /session/a8ed0c02-871d-4de7-9939-1de599a49ac7/element - {"using":"-android uiautomator","value":"new UiSelector().description(\"Error\")"}
RESULT: {"using":"-android uiautomator","value":"new UiSelector().description(\"Error\")"}
COMMAND: POST /session/a8ed0c02-871d-4de7-9939-1de599a49ac7/element - {"using":"-android uiautomator","value":"new UiSelector().textContains(\"Error\")"}
RESULT: {"using":"-android uiautomator","value":"new UiSelector().textContains(\"Error\")"}
COMMAND: POST /session/a8ed0c02-871d-4de7-9939-1de599a49ac7/element - {"using":"-android uiautomator","value":"new UiSelector().textContains(\"Error\")"}
RESULT: {"using":"-android uiautomator","value":"new UiSelector().textContains(\"Error\")"}
COMMAND: POST /session/a8ed0c02-871d-4de7-9939-1de599a49ac7/element - {"using":"-android uiautomator","value":"new UiSelector().descriptionContains(\"Error\")"}
RESULT: {"using":"-android uiautomator","value":"new UiSelector().descriptionContains(\"Error\")"}
COMMAND: POST /session/a8ed0c02-871d-4de7-9939-1de599a49ac7/element - {"using":"-android uiautomator","value":"new UiSelector().descriptionContains(\"Error\")"}
RESULT: {"using":"-android uiautomator","value":"new UiSelector().descriptionContains(\"Error\")"}
COMMAND: POST /session/a8ed0c02-871d-4de7-9939-1de599a49ac7/element - {"using":"accessibility id","value":"Error"}
RESULT: {"using":"accessibility id","value":"Error"}
COMMAND: POST /session/a8ed0c02-871d-4de7-9939-1de599a49ac7/element - {"using":"accessibility id","value":"Error"}
RESULT: {"using":"accessibility id","value":"Error"}
COMMAND: GET /session/a8ed0c02-871d-4de7-9939-1de599a49ac7/screenshot - {}
RESULT: {}
]]></system-out>
    </testcase>
    <testcase classname="android.emulator-5554.TC07:_Network_&amp;_Error_Handling_Tests" name="TC030 Data should load without errors on Plans screen" time="6.128">
      <system-out><![CDATA[
COMMAND: POST /session/a8ed0c02-871d-4de7-9939-1de599a49ac7/appium/device/activate_app - {"appId":"com.msc.fingenius"}
RESULT: {"appId":"com.msc.fingenius"}
COMMAND: POST /session/a8ed0c02-871d-4de7-9939-1de599a49ac7/element - {"using":"accessibility id","value":"Plans"}
RESULT: {"using":"accessibility id","value":"Plans"}
COMMAND: POST /session/a8ed0c02-871d-4de7-9939-1de599a49ac7/element - {"using":"accessibility id","value":"Plans"}
RESULT: {"using":"accessibility id","value":"Plans"}
COMMAND: POST /session/a8ed0c02-871d-4de7-9939-1de599a49ac7/element - {"using":"-android uiautomator","value":"new UiSelector().description(\"Plans\")"}
RESULT: {"using":"-android uiautomator","value":"new UiSelector().description(\"Plans\")"}
COMMAND: POST /session/a8ed0c02-871d-4de7-9939-1de599a49ac7/element - {"using":"-android uiautomator","value":"new UiSelector().description(\"Plans\")"}
RESULT: {"using":"-android uiautomator","value":"new UiSelector().description(\"Plans\")"}
COMMAND: POST /session/a8ed0c02-871d-4de7-9939-1de599a49ac7/element - {"using":"-android uiautomator","value":"new UiSelector().text(\"Plans\")"}
RESULT: {"using":"-android uiautomator","value":"new UiSelector().text(\"Plans\")"}
COMMAND: POST /session/a8ed0c02-871d-4de7-9939-1de599a49ac7/element - {"using":"-android uiautomator","value":"new UiSelector().text(\"Plans\")"}
RESULT: {"using":"-android uiautomator","value":"new UiSelector().text(\"Plans\")"}
COMMAND: POST /session/a8ed0c02-871d-4de7-9939-1de599a49ac7/element - {"using":"-android uiautomator","value":"new UiSelector().descriptionContains(\"Plans\")"}
RESULT: {"using":"-android uiautomator","value":"new UiSelector().descriptionContains(\"Plans\")"}
COMMAND: GET /session/a8ed0c02-871d-4de7-9939-1de599a49ac7/element/00000000-0000-02ea-0000-016400000016/displayed - {}
RESULT: {}
COMMAND: POST /session/a8ed0c02-871d-4de7-9939-1de599a49ac7/element/00000000-0000-02ea-0000-016400000016/click - {}
RESULT: {}
COMMAND: POST /session/a8ed0c02-871d-4de7-9939-1de599a49ac7/element - {"using":"-android uiautomator","value":"new UiSelector().text(\"Error\")"}
RESULT: {"using":"-android uiautomator","value":"new UiSelector().text(\"Error\")"}
COMMAND: POST /session/a8ed0c02-871d-4de7-9939-1de599a49ac7/element - {"using":"-android uiautomator","value":"new UiSelector().text(\"Error\")"}
RESULT: {"using":"-android uiautomator","value":"new UiSelector().text(\"Error\")"}
COMMAND: POST /session/a8ed0c02-871d-4de7-9939-1de599a49ac7/element - {"using":"-android uiautomator","value":"new UiSelector().description(\"Error\")"}
RESULT: {"using":"-android uiautomator","value":"new UiSelector().description(\"Error\")"}
COMMAND: POST /session/a8ed0c02-871d-4de7-9939-1de599a49ac7/element - {"using":"-android uiautomator","value":"new UiSelector().description(\"Error\")"}
RESULT: {"using":"-android uiautomator","value":"new UiSelector().description(\"Error\")"}
COMMAND: POST /session/a8ed0c02-871d-4de7-9939-1de599a49ac7/element - {"using":"-android uiautomator","value":"new UiSelector().textContains(\"Error\")"}
RESULT: {"using":"-android uiautomator","value":"new UiSelector().textContains(\"Error\")"}
COMMAND: POST /session/a8ed0c02-871d-4de7-9939-1de599a49ac7/element - {"using":"-android uiautomator","value":"new UiSelector().textContains(\"Error\")"}
RESULT: {"using":"-android uiautomator","value":"new UiSelector().textContains(\"Error\")"}
COMMAND: POST /session/a8ed0c02-871d-4de7-9939-1de599a49ac7/element - {"using":"-android uiautomator","value":"new UiSelector().descriptionContains(\"Error\")"}
RESULT: {"using":"-android uiautomator","value":"new UiSelector().descriptionContains(\"Error\")"}
COMMAND: POST /session/a8ed0c02-871d-4de7-9939-1de599a49ac7/element - {"using":"-android uiautomator","value":"new UiSelector().descriptionContains(\"Error\")"}
RESULT: {"using":"-android uiautomator","value":"new UiSelector().descriptionContains(\"Error\")"}
COMMAND: POST /session/a8ed0c02-871d-4de7-9939-1de599a49ac7/element - {"using":"accessibility id","value":"Error"}
RESULT: {"using":"accessibility id","value":"Error"}
COMMAND: POST /session/a8ed0c02-871d-4de7-9939-1de599a49ac7/element - {"using":"accessibility id","value":"Error"}
RESULT: {"using":"accessibility id","value":"Error"}
COMMAND: POST /session/a8ed0c02-871d-4de7-9939-1de599a49ac7/element - {"using":"-android uiautomator","value":"new UiSelector().text(\"Error\")"}
RESULT: {"using":"-android uiautomator","value":"new UiSelector().text(\"Error\")"}
COMMAND: POST /session/a8ed0c02-871d-4de7-9939-1de599a49ac7/element - {"using":"-android uiautomator","value":"new UiSelector().text(\"Error\")"}
RESULT: {"using":"-android uiautomator","value":"new UiSelector().text(\"Error\")"}
COMMAND: POST /session/a8ed0c02-871d-4de7-9939-1de599a49ac7/element - {"using":"-android uiautomator","value":"new UiSelector().description(\"Error\")"}
RESULT: {"using":"-android uiautomator","value":"new UiSelector().description(\"Error\")"}
COMMAND: POST /session/a8ed0c02-871d-4de7-9939-1de599a49ac7/element - {"using":"-android uiautomator","value":"new UiSelector().description(\"Error\")"}
RESULT: {"using":"-android uiautomator","value":"new UiSelector().description(\"Error\")"}
COMMAND: POST /session/a8ed0c02-871d-4de7-9939-1de599a49ac7/element - {"using":"-android uiautomator","value":"new UiSelector().textContains(\"Error\")"}
RESULT: {"using":"-android uiautomator","value":"new UiSelector().textContains(\"Error\")"}
COMMAND: POST /session/a8ed0c02-871d-4de7-9939-1de599a49ac7/element - {"using":"-android uiautomator","value":"new UiSelector().textContains(\"Error\")"}
RESULT: {"using":"-android uiautomator","value":"new UiSelector().textContains(\"Error\")"}
COMMAND: POST /session/a8ed0c02-871d-4de7-9939-1de599a49ac7/element - {"using":"-android uiautomator","value":"new UiSelector().descriptionContains(\"Error\")"}
RESULT: {"using":"-android uiautomator","value":"new UiSelector().descriptionContains(\"Error\")"}
COMMAND: POST /session/a8ed0c02-871d-4de7-9939-1de599a49ac7/element - {"using":"-android uiautomator","value":"new UiSelector().descriptionContains(\"Error\")"}
RESULT: {"using":"-android uiautomator","value":"new UiSelector().descriptionContains(\"Error\")"}
COMMAND: POST /session/a8ed0c02-871d-4de7-9939-1de599a49ac7/element - {"using":"accessibility id","value":"Error"}
RESULT: {"using":"accessibility id","value":"Error"}
COMMAND: POST /session/a8ed0c02-871d-4de7-9939-1de599a49ac7/element - {"using":"accessibility id","value":"Error"}
RESULT: {"using":"accessibility id","value":"Error"}
COMMAND: POST /session/a8ed0c02-871d-4de7-9939-1de599a49ac7/element - {"using":"-android uiautomator","value":"new UiSelector().text(\"Error\")"}
RESULT: {"using":"-android uiautomator","value":"new UiSelector().text(\"Error\")"}
COMMAND: POST /session/a8ed0c02-871d-4de7-9939-1de599a49ac7/element - {"using":"-android uiautomator","value":"new UiSelector().text(\"Error\")"}
RESULT: {"using":"-android uiautomator","value":"new UiSelector().text(\"Error\")"}
COMMAND: POST /session/a8ed0c02-871d-4de7-9939-1de599a49ac7/element - {"using":"-android uiautomator","value":"new UiSelector().description(\"Error\")"}
RESULT: {"using":"-android uiautomator","value":"new UiSelector().description(\"Error\")"}
COMMAND: POST /session/a8ed0c02-871d-4de7-9939-1de599a49ac7/element - {"using":"-android uiautomator","value":"new UiSelector().description(\"Error\")"}
RESULT: {"using":"-android uiautomator","value":"new UiSelector().description(\"Error\")"}
COMMAND: POST /session/a8ed0c02-871d-4de7-9939-1de599a49ac7/element - {"using":"-android uiautomator","value":"new UiSelector().textContains(\"Error\")"}
RESULT: {"using":"-android uiautomator","value":"new UiSelector().textContains(\"Error\")"}
COMMAND: POST /session/a8ed0c02-871d-4de7-9939-1de599a49ac7/element - {"using":"-android uiautomator","value":"new UiSelector().textContains(\"Error\")"}
RESULT: {"using":"-android uiautomator","value":"new UiSelector().textContains(\"Error\")"}
COMMAND: POST /session/a8ed0c02-871d-4de7-9939-1de599a49ac7/element - {"using":"-android uiautomator","value":"new UiSelector().descriptionContains(\"Error\")"}
RESULT: {"using":"-android uiautomator","value":"new UiSelector().descriptionContains(\"Error\")"}
COMMAND: POST /session/a8ed0c02-871d-4de7-9939-1de599a49ac7/element - {"using":"-android uiautomator","value":"new UiSelector().descriptionContains(\"Error\")"}
RESULT: {"using":"-android uiautomator","value":"new UiSelector().descriptionContains(\"Error\")"}
COMMAND: POST /session/a8ed0c02-871d-4de7-9939-1de599a49ac7/element - {"using":"accessibility id","value":"Error"}
RESULT: {"using":"accessibility id","value":"Error"}
COMMAND: POST /session/a8ed0c02-871d-4de7-9939-1de599a49ac7/element - {"using":"accessibility id","value":"Error"}
RESULT: {"using":"accessibility id","value":"Error"}
COMMAND: POST /session/a8ed0c02-871d-4de7-9939-1de599a49ac7/element - {"using":"-android uiautomator","value":"new UiSelector().text(\"Error\")"}
RESULT: {"using":"-android uiautomator","value":"new UiSelector().text(\"Error\")"}
COMMAND: POST /session/a8ed0c02-871d-4de7-9939-1de599a49ac7/element - {"using":"-android uiautomator","value":"new UiSelector().text(\"Error\")"}
RESULT: {"using":"-android uiautomator","value":"new UiSelector().text(\"Error\")"}
COMMAND: POST /session/a8ed0c02-871d-4de7-9939-1de599a49ac7/element - {"using":"-android uiautomator","value":"new UiSelector().description(\"Error\")"}
RESULT: {"using":"-android uiautomator","value":"new UiSelector().description(\"Error\")"}
COMMAND: POST /session/a8ed0c02-871d-4de7-9939-1de599a49ac7/element - {"using":"-android uiautomator","value":"new UiSelector().description(\"Error\")"}
RESULT: {"using":"-android uiautomator","value":"new UiSelector().description(\"Error\")"}
COMMAND: POST /session/a8ed0c02-871d-4de7-9939-1de599a49ac7/element - {"using":"-android uiautomator","value":"new UiSelector().textContains(\"Error\")"}
RESULT: {"using":"-android uiautomator","value":"new UiSelector().textContains(\"Error\")"}
COMMAND: POST /session/a8ed0c02-871d-4de7-9939-1de599a49ac7/element - {"using":"-android uiautomator","value":"new UiSelector().textContains(\"Error\")"}
RESULT: {"using":"-android uiautomator","value":"new UiSelector().textContains(\"Error\")"}
COMMAND: POST /session/a8ed0c02-871d-4de7-9939-1de599a49ac7/element - {"using":"-android uiautomator","value":"new UiSelector().descriptionContains(\"Error\")"}
RESULT: {"using":"-android uiautomator","value":"new UiSelector().descriptionContains(\"Error\")"}
COMMAND: POST /session/a8ed0c02-871d-4de7-9939-1de599a49ac7/element - {"using":"-android uiautomator","value":"new UiSelector().descriptionContains(\"Error\")"}
RESULT: {"using":"-android uiautomator","value":"new UiSelector().descriptionContains(\"Error\")"}
COMMAND: POST /session/a8ed0c02-871d-4de7-9939-1de599a49ac7/element - {"using":"accessibility id","value":"Error"}
RESULT: {"using":"accessibility id","value":"Error"}
COMMAND: POST /session/a8ed0c02-871d-4de7-9939-1de599a49ac7/element - {"using":"accessibility id","value":"Error"}
RESULT: {"using":"accessibility id","value":"Error"}
COMMAND: GET /session/a8ed0c02-871d-4de7-9939-1de599a49ac7/screenshot - {}
RESULT: {}
COMMAND: DELETE /session/a8ed0c02-871d-4de7-9939-1de599a49ac7 - {}
RESULT: {}
]]></system-out>
    </testcase>
  </testsuite>
</testsuites>