<?xml version="1.0" encoding="UTF-8"?>
<testsuites tests="5" failures="0" errors="0" skipped="0">
  <testsuite name="TC05 Expense History Activity Tests" timestamp="2026-08-23T01:32:47" time="23.433" tests="5" failures="0" errors="0" skipped="0">
    <properties>
      <property name="specId" value="0"/>
      <property name="suiteName" value="TC05: Expense History &amp; Activity Tests"/>
      <property name="capabilities" value="android.emulator-5554"/>
      <property name="file" value="file:///Users/shenelimunasinghe/Documents/MSC%20IT%20/Mobile%20App/FinGenius%20/fingenius_ai/appium-tests/test/specs/05-expense-history.spec.ts"/>
    </properties>
    <testcase classname="android.emulator-5554.TC05:_Expense_History_&amp;_Activity_Tests" name="TC017 Should display expense history activity list" time="3.727">
      <system-out><![CDATA[
COMMAND: POST /session/a3916c2e-e8a6-4e90-aedd-029e1f5b9cce/appium/device/activate_app - {"appId":"com.msc.fingenius"}
RESULT: {"appId":"com.msc.fingenius"}
COMMAND: POST /session/a3916c2e-e8a6-4e90-aedd-029e1f5b9cce/element - {"using":"accessibility id","value":"Activity"}
RESULT: {"using":"accessibility id","value":"Activity"}
COMMAND: POST /session/a3916c2e-e8a6-4e90-aedd-029e1f5b9cce/element - {"using":"accessibility id","value":"Activity"}
RESULT: {"using":"accessibility id","value":"Activity"}
COMMAND: POST /session/a3916c2e-e8a6-4e90-aedd-029e1f5b9cce/element - {"using":"-android uiautomator","value":"new UiSelector().description(\"Activity\")"}
RESULT: {"using":"-android uiautomator","value":"new UiSelector().description(\"Activity\")"}
COMMAND: POST /session/a3916c2e-e8a6-4e90-aedd-029e1f5b9cce/element - {"using":"-android uiautomator","value":"new UiSelector().description(\"Activity\")"}
RESULT: {"using":"-android uiautomator","value":"new UiSelector().description(\"Activity\")"}
COMMAND: POST /session/a3916c2e-e8a6-4e90-aedd-029e1f5b9cce/element - {"using":"-android uiautomator","value":"new UiSelector().text(\"Activity\")"}
RESULT: {"using":"-android uiautomator","value":"new UiSelector().text(\"Activity\")"}
COMMAND: POST /session/a3916c2e-e8a6-4e90-aedd-029e1f5b9cce/element - {"using":"-android uiautomator","value":"new UiSelector().text(\"Activity\")"}
RESULT: {"using":"-android uiautomator","value":"new UiSelector().text(\"Activity\")"}
COMMAND: POST /session/a3916c2e-e8a6-4e90-aedd-029e1f5b9cce/element - {"using":"-android uiautomator","value":"new UiSelector().descriptionContains(\"Activity\")"}
RESULT: {"using":"-android uiautomator","value":"new UiSelector().descriptionContains(\"Activity\")"}
COMMAND: GET /session/a3916c2e-e8a6-4e90-aedd-029e1f5b9cce/element/00000000-0000-02c9-0000-006700000016/displayed - {}
RESULT: {}
COMMAND: POST /session/a3916c2e-e8a6-4e90-aedd-029e1f5b9cce/element/00000000-0000-02c9-0000-006700000016/click - {}
RESULT: {}
COMMAND: POST /session/a3916c2e-e8a6-4e90-aedd-029e1f5b9cce/element - {"using":"-android uiautomator","value":"new UiSelector().text(\"Rs\")"}
RESULT: {"using":"-android uiautomator","value":"new UiSelector().text(\"Rs\")"}
COMMAND: POST /session/a3916c2e-e8a6-4e90-aedd-029e1f5b9cce/element - {"using":"-android uiautomator","value":"new UiSelector().text(\"Rs\")"}
RESULT: {"using":"-android uiautomator","value":"new UiSelector().text(\"Rs\")"}
COMMAND: POST /session/a3916c2e-e8a6-4e90-aedd-029e1f5b9cce/element - {"using":"-android uiautomator","value":"new UiSelector().description(\"Rs\")"}
RESULT: {"using":"-android uiautomator","value":"new UiSelector().description(\"Rs\")"}
COMMAND: POST /session/a3916c2e-e8a6-4e90-aedd-029e1f5b9cce/element - {"using":"-android uiautomator","value":"new UiSelector().description(\"Rs\")"}
RESULT: {"using":"-android uiautomator","value":"new UiSelector().description(\"Rs\")"}
COMMAND: POST /session/a3916c2e-e8a6-4e90-aedd-029e1f5b9cce/element - {"using":"-android uiautomator","value":"new UiSelector().textContains(\"Rs\")"}
RESULT: {"using":"-android uiautomator","value":"new UiSelector().textContains(\"Rs\")"}
COMMAND: POST /session/a3916c2e-e8a6-4e90-aedd-029e1f5b9cce/element - {"using":"-android uiautomator","value":"new UiSelector().textContains(\"Rs\")"}
RESULT: {"using":"-android uiautomator","value":"new UiSelector().textContains(\"Rs\")"}
COMMAND: POST /session/a3916c2e-e8a6-4e90-aedd-029e1f5b9cce/element - {"using":"-android uiautomator","value":"new UiSelector().descriptionContains(\"Rs\")"}
RESULT: {"using":"-android uiautomator","value":"new UiSelector().descriptionContains(\"Rs\")"}
COMMAND: GET /session/a3916c2e-e8a6-4e90-aedd-029e1f5b9cce/element/00000000-0000-02c9-0000-007600000016/displayed - {}
RESULT: {}
COMMAND: GET /session/a3916c2e-e8a6-4e90-aedd-029e1f5b9cce/screenshot - {}
RESULT: {}
]]></system-out>
    </testcase>
    <testcase classname="android.emulator-5554.TC05:_Expense_History_&amp;_Activity_Tests" name="TC018 Should display filter segments All Expenses Income" time="3.584">
      <system-out><![CDATA[
COMMAND: POST /session/a3916c2e-e8a6-4e90-aedd-029e1f5b9cce/appium/device/activate_app - {"appId":"com.msc.fingenius"}
RESULT: {"appId":"com.msc.fingenius"}
COMMAND: POST /session/a3916c2e-e8a6-4e90-aedd-029e1f5b9cce/element - {"using":"accessibility id","value":"Activity"}
RESULT: {"using":"accessibility id","value":"Activity"}
COMMAND: GET /session/a3916c2e-e8a6-4e90-aedd-029e1f5b9cce/element/00000000-0000-02c9-0000-008800000016/displayed - {}
RESULT: {}
COMMAND: POST /session/a3916c2e-e8a6-4e90-aedd-029e1f5b9cce/element/00000000-0000-02c9-0000-008800000016/click - {}
RESULT: {}
COMMAND: POST /session/a3916c2e-e8a6-4e90-aedd-029e1f5b9cce/element - {"using":"-android uiautomator","value":"new UiSelector().text(\"All\")"}
RESULT: {"using":"-android uiautomator","value":"new UiSelector().text(\"All\")"}
COMMAND: POST /session/a3916c2e-e8a6-4e90-aedd-029e1f5b9cce/element - {"using":"-android uiautomator","value":"new UiSelector().text(\"All\")"}
RESULT: {"using":"-android uiautomator","value":"new UiSelector().text(\"All\")"}
COMMAND: POST /session/a3916c2e-e8a6-4e90-aedd-029e1f5b9cce/element - {"using":"-android uiautomator","value":"new UiSelector().description(\"All\")"}
RESULT: {"using":"-android uiautomator","value":"new UiSelector().description(\"All\")"}
COMMAND: GET /session/a3916c2e-e8a6-4e90-aedd-029e1f5b9cce/element/00000000-0000-02c9-0000-006e00000016/displayed - {}
RESULT: {}
COMMAND: GET /session/a3916c2e-e8a6-4e90-aedd-029e1f5b9cce/screenshot - {}
RESULT: {}
]]></system-out>
    </testcase>
    <testcase classname="android.emulator-5554.TC05:_Expense_History_&amp;_Activity_Tests" name="TC019 Should filter by Expenses only" time="5.126">
      <system-out><![CDATA[
COMMAND: POST /session/a3916c2e-e8a6-4e90-aedd-029e1f5b9cce/appium/device/activate_app - {"appId":"com.msc.fingenius"}
RESULT: {"appId":"com.msc.fingenius"}
COMMAND: POST /session/a3916c2e-e8a6-4e90-aedd-029e1f5b9cce/element - {"using":"accessibility id","value":"Activity"}
RESULT: {"using":"accessibility id","value":"Activity"}
COMMAND: GET /session/a3916c2e-e8a6-4e90-aedd-029e1f5b9cce/element/00000000-0000-02c9-0000-008800000016/displayed - {}
RESULT: {}
COMMAND: POST /session/a3916c2e-e8a6-4e90-aedd-029e1f5b9cce/element/00000000-0000-02c9-0000-008800000016/click - {}
RESULT: {}
COMMAND: POST /session/a3916c2e-e8a6-4e90-aedd-029e1f5b9cce/element - {"using":"-android uiautomator","value":"new UiSelector().text(\"Expenses\")"}
RESULT: {"using":"-android uiautomator","value":"new UiSelector().text(\"Expenses\")"}
COMMAND: POST /session/a3916c2e-e8a6-4e90-aedd-029e1f5b9cce/element - {"using":"-android uiautomator","value":"new UiSelector().text(\"Expenses\")"}
RESULT: {"using":"-android uiautomator","value":"new UiSelector().text(\"Expenses\")"}
COMMAND: GET /session/a3916c2e-e8a6-4e90-aedd-029e1f5b9cce/screenshot - {}
RESULT: {}
]]></system-out>
    </testcase>
    <testcase classname="android.emulator-5554.TC05:_Expense_History_&amp;_Activity_Tests" name="TC020 Should filter by Income only" time="5.14">
      <system-out><![CDATA[
COMMAND: POST /session/a3916c2e-e8a6-4e90-aedd-029e1f5b9cce/appium/device/activate_app - {"appId":"com.msc.fingenius"}
RESULT: {"appId":"com.msc.fingenius"}
COMMAND: POST /session/a3916c2e-e8a6-4e90-aedd-029e1f5b9cce/element - {"using":"accessibility id","value":"Activity"}
RESULT: {"using":"accessibility id","value":"Activity"}
COMMAND: GET /session/a3916c2e-e8a6-4e90-aedd-029e1f5b9cce/element/00000000-0000-02c9-0000-008800000016/displayed - {}
RESULT: {}
COMMAND: POST /session/a3916c2e-e8a6-4e90-aedd-029e1f5b9cce/element/00000000-0000-02c9-0000-008800000016/click - {}
RESULT: {}
COMMAND: POST /session/a3916c2e-e8a6-4e90-aedd-029e1f5b9cce/element - {"using":"-android uiautomator","value":"new UiSelector().text(\"Income\")"}
RESULT: {"using":"-android uiautomator","value":"new UiSelector().text(\"Income\")"}
COMMAND: POST /session/a3916c2e-e8a6-4e90-aedd-029e1f5b9cce/element - {"using":"-android uiautomator","value":"new UiSelector().text(\"Income\")"}
RESULT: {"using":"-android uiautomator","value":"new UiSelector().text(\"Income\")"}
COMMAND: GET /session/a3916c2e-e8a6-4e90-aedd-029e1f5b9cce/screenshot - {}
RESULT: {}
COMMAND: POST /session/a3916c2e-e8a6-4e90-aedd-029e1f5b9cce/element - {"using":"-android uiautomator","value":"new UiSelector().text(\"All\")"}
RESULT: {"using":"-android uiautomator","value":"new UiSelector().text(\"All\")"}
COMMAND: POST /session/a3916c2e-e8a6-4e90-aedd-029e1f5b9cce/element - {"using":"-android uiautomator","value":"new UiSelector().text(\"All\")"}
RESULT: {"using":"-android uiautomator","value":"new UiSelector().text(\"All\")"}
]]></system-out>
    </testcase>
    <testcase classname="android.emulator-5554.TC05:_Expense_History_&amp;_Activity_Tests" name="TC021 Should display totals strip with money in out" time="3.593">
      <system-out><![CDATA[
COMMAND: POST /session/a3916c2e-e8a6-4e90-aedd-029e1f5b9cce/appium/device/activate_app - {"appId":"com.msc.fingenius"}
RESULT: {"appId":"com.msc.fingenius"}
COMMAND: POST /session/a3916c2e-e8a6-4e90-aedd-029e1f5b9cce/element - {"using":"accessibility id","value":"Activity"}
RESULT: {"using":"accessibility id","value":"Activity"}
COMMAND: GET /session/a3916c2e-e8a6-4e90-aedd-029e1f5b9cce/element/00000000-0000-02c9-0000-008800000016/displayed - {}
RESULT: {}
COMMAND: POST /session/a3916c2e-e8a6-4e90-aedd-029e1f5b9cce/element/00000000-0000-02c9-0000-008800000016/click - {}
RESULT: {}
COMMAND: POST /session/a3916c2e-e8a6-4e90-aedd-029e1f5b9cce/element - {"using":"-android uiautomator","value":"new UiSelector().text(\"In\")"}
RESULT: {"using":"-android uiautomator","value":"new UiSelector().text(\"In\")"}
COMMAND: POST /session/a3916c2e-e8a6-4e90-aedd-029e1f5b9cce/element - {"using":"-android uiautomator","value":"new UiSelector().text(\"In\")"}
RESULT: {"using":"-android uiautomator","value":"new UiSelector().text(\"In\")"}
COMMAND: POST /session/a3916c2e-e8a6-4e90-aedd-029e1f5b9cce/element - {"using":"-android uiautomator","value":"new UiSelector().description(\"In\")"}
RESULT: {"using":"-android uiautomator","value":"new UiSelector().description(\"In\")"}
COMMAND: POST /session/a3916c2e-e8a6-4e90-aedd-029e1f5b9cce/element - {"using":"-android uiautomator","value":"new UiSelector().description(\"In\")"}
RESULT: {"using":"-android uiautomator","value":"new UiSelector().description(\"In\")"}
COMMAND: POST /session/a3916c2e-e8a6-4e90-aedd-029e1f5b9cce/element - {"using":"-android uiautomator","value":"new UiSelector().textContains(\"In\")"}
RESULT: {"using":"-android uiautomator","value":"new UiSelector().textContains(\"In\")"}
COMMAND: POST /session/a3916c2e-e8a6-4e90-aedd-029e1f5b9cce/element - {"using":"-android uiautomator","value":"new UiSelector().textContains(\"In\")"}
RESULT: {"using":"-android uiautomator","value":"new UiSelector().textContains(\"In\")"}
COMMAND: POST /session/a3916c2e-e8a6-4e90-aedd-029e1f5b9cce/element - {"using":"-android uiautomator","value":"new UiSelector().descriptionContains(\"In\")"}
RESULT: {"using":"-android uiautomator","value":"new UiSelector().descriptionContains(\"In\")"}
COMMAND: GET /session/a3916c2e-e8a6-4e90-aedd-029e1f5b9cce/element/00000000-0000-02c9-0000-007200000016/displayed - {}
RESULT: {}
COMMAND: GET /session/a3916c2e-e8a6-4e90-aedd-029e1f5b9cce/screenshot - {}
RESULT: {}
COMMAND: DELETE /session/a3916c2e-e8a6-4e90-aedd-029e1f5b9cce - {}
RESULT: {}
]]></system-out>
    </testcase>
  </testsuite>
</testsuites>